Analysis & Synthesis report for reloj_vga
Sun Dec 08 16:42:18 2019
Quartus II 64-Bit Version 13.0.1 Build 232 06/12/2013 Service Pack 1 SJ Web Edition


---------------------
; Table of Contents ;
---------------------
  1. Legal Notice
  2. Analysis & Synthesis Summary
  3. Analysis & Synthesis Settings
  4. Parallel Compilation
  5. Analysis & Synthesis Source Files Read
  6. Analysis & Synthesis Resource Usage Summary
  7. Analysis & Synthesis Resource Utilization by Entity
  8. User-Specified and Inferred Latches
  9. Registers Removed During Synthesis
 10. General Register Statistics
 11. Multiplexer Restructuring Statistics (Restructuring Performed)
 12. Elapsed Time Per Partition
 13. Analysis & Synthesis Messages



----------------
; Legal Notice ;
----------------
Copyright (C) 1991-2013 Altera Corporation
Your use of Altera Corporation's design tools, logic functions 
and other software and tools, and its AMPP partner logic 
functions, and any output files from any of the foregoing 
(including device programming or simulation files), and any 
associated documentation or information are expressly subject 
to the terms and conditions of the Altera Program License 
Subscription Agreement, Altera MegaCore Function License 
Agreement, or other applicable license agreement, including, 
without limitation, that your use is for the sole purpose of 
programming logic devices manufactured by Altera and sold by 
Altera or its authorized distributors.  Please refer to the 
applicable agreement for further details.



+--------------------------------------------------------------------------------------+
; Analysis & Synthesis Summary                                                         ;
+------------------------------------+-------------------------------------------------+
; Analysis & Synthesis Status        ; Successful - Sun Dec 08 16:42:18 2019           ;
; Quartus II 64-Bit Version          ; 13.0.1 Build 232 06/12/2013 SP 1 SJ Web Edition ;
; Revision Name                      ; reloj_vga                                       ;
; Top-level Entity Name              ; reloj_vga                                       ;
; Family                             ; Cyclone IV E                                    ;
; Total logic elements               ; 1,437                                           ;
;     Total combinational functions  ; 1,437                                           ;
;     Dedicated logic registers      ; 270                                             ;
; Total registers                    ; 270                                             ;
; Total pins                         ; 35                                              ;
; Total virtual pins                 ; 0                                               ;
; Total memory bits                  ; 0                                               ;
; Embedded Multiplier 9-bit elements ; 0                                               ;
; Total PLLs                         ; 0                                               ;
+------------------------------------+-------------------------------------------------+


+----------------------------------------------------------------------------------------------------------------------+
; Analysis & Synthesis Settings                                                                                        ;
+----------------------------------------------------------------------------+--------------------+--------------------+
; Option                                                                     ; Setting            ; Default Value      ;
+----------------------------------------------------------------------------+--------------------+--------------------+
; Device                                                                     ; EP4CE115F29C7      ;                    ;
; Top-level entity name                                                      ; reloj_vga          ; reloj_vga          ;
; Family name                                                                ; Cyclone IV E       ; Cyclone IV GX      ;
; Use smart compilation                                                      ; Off                ; Off                ;
; Enable parallel Assembler and TimeQuest Timing Analyzer during compilation ; On                 ; On                 ;
; Enable compact report table                                                ; Off                ; Off                ;
; Restructure Multiplexers                                                   ; Auto               ; Auto               ;
; Create Debugging Nodes for IP Cores                                        ; Off                ; Off                ;
; Preserve fewer node names                                                  ; On                 ; On                 ;
; Disable OpenCore Plus hardware evaluation                                  ; Off                ; Off                ;
; Verilog Version                                                            ; Verilog_2001       ; Verilog_2001       ;
; VHDL Version                                                               ; VHDL_1993          ; VHDL_1993          ;
; State Machine Processing                                                   ; Auto               ; Auto               ;
; Safe State Machine                                                         ; Off                ; Off                ;
; Extract Verilog State Machines                                             ; On                 ; On                 ;
; Extract VHDL State Machines                                                ; On                 ; On                 ;
; Ignore Verilog initial constructs                                          ; Off                ; Off                ;
; Iteration limit for constant Verilog loops                                 ; 5000               ; 5000               ;
; Iteration limit for non-constant Verilog loops                             ; 250                ; 250                ;
; Add Pass-Through Logic to Inferred RAMs                                    ; On                 ; On                 ;
; Infer RAMs from Raw Logic                                                  ; On                 ; On                 ;
; Parallel Synthesis                                                         ; On                 ; On                 ;
; DSP Block Balancing                                                        ; Auto               ; Auto               ;
; NOT Gate Push-Back                                                         ; On                 ; On                 ;
; Power-Up Don't Care                                                        ; On                 ; On                 ;
; Remove Redundant Logic Cells                                               ; Off                ; Off                ;
; Remove Duplicate Registers                                                 ; On                 ; On                 ;
; Ignore CARRY Buffers                                                       ; Off                ; Off                ;
; Ignore CASCADE Buffers                                                     ; Off                ; Off                ;
; Ignore GLOBAL Buffers                                                      ; Off                ; Off                ;
; Ignore ROW GLOBAL Buffers                                                  ; Off                ; Off                ;
; Ignore LCELL Buffers                                                       ; Off                ; Off                ;
; Ignore SOFT Buffers                                                        ; On                 ; On                 ;
; Limit AHDL Integers to 32 Bits                                             ; Off                ; Off                ;
; Optimization Technique                                                     ; Balanced           ; Balanced           ;
; Carry Chain Length                                                         ; 70                 ; 70                 ;
; Auto Carry Chains                                                          ; On                 ; On                 ;
; Auto Open-Drain Pins                                                       ; On                 ; On                 ;
; Perform WYSIWYG Primitive Resynthesis                                      ; Off                ; Off                ;
; Auto ROM Replacement                                                       ; On                 ; On                 ;
; Auto RAM Replacement                                                       ; On                 ; On                 ;
; Auto DSP Block Replacement                                                 ; On                 ; On                 ;
; Auto Shift Register Replacement                                            ; Auto               ; Auto               ;
; Allow Shift Register Merging across Hierarchies                            ; Auto               ; Auto               ;
; Auto Clock Enable Replacement                                              ; On                 ; On                 ;
; Strict RAM Replacement                                                     ; Off                ; Off                ;
; Allow Synchronous Control Signals                                          ; On                 ; On                 ;
; Force Use of Synchronous Clear Signals                                     ; Off                ; Off                ;
; Auto RAM Block Balancing                                                   ; On                 ; On                 ;
; Auto RAM to Logic Cell Conversion                                          ; Off                ; Off                ;
; Auto Resource Sharing                                                      ; Off                ; Off                ;
; Allow Any RAM Size For Recognition                                         ; Off                ; Off                ;
; Allow Any ROM Size For Recognition                                         ; Off                ; Off                ;
; Allow Any Shift Register Size For Recognition                              ; Off                ; Off                ;
; Use LogicLock Constraints during Resource Balancing                        ; On                 ; On                 ;
; Ignore translate_off and synthesis_off directives                          ; Off                ; Off                ;
; Timing-Driven Synthesis                                                    ; On                 ; On                 ;
; Report Parameter Settings                                                  ; On                 ; On                 ;
; Report Source Assignments                                                  ; On                 ; On                 ;
; Report Connectivity Checks                                                 ; On                 ; On                 ;
; Ignore Maximum Fan-Out Assignments                                         ; Off                ; Off                ;
; Synchronization Register Chain Length                                      ; 2                  ; 2                  ;
; PowerPlay Power Optimization                                               ; Normal compilation ; Normal compilation ;
; HDL message level                                                          ; Level2             ; Level2             ;
; Suppress Register Optimization Related Messages                            ; Off                ; Off                ;
; Number of Removed Registers Reported in Synthesis Report                   ; 5000               ; 5000               ;
; Number of Swept Nodes Reported in Synthesis Report                         ; 5000               ; 5000               ;
; Number of Inverted Registers Reported in Synthesis Report                  ; 100                ; 100                ;
; Clock MUX Protection                                                       ; On                 ; On                 ;
; Auto Gated Clock Conversion                                                ; Off                ; Off                ;
; Block Design Naming                                                        ; Auto               ; Auto               ;
; SDC constraint protection                                                  ; Off                ; Off                ;
; Synthesis Effort                                                           ; Auto               ; Auto               ;
; Shift Register Replacement - Allow Asynchronous Clear Signal               ; On                 ; On                 ;
; Pre-Mapping Resynthesis Optimization                                       ; Off                ; Off                ;
; Analysis & Synthesis Message Level                                         ; Medium             ; Medium             ;
; Disable Register Merging Across Hierarchies                                ; Auto               ; Auto               ;
; Resource Aware Inference For Block RAM                                     ; On                 ; On                 ;
; Synthesis Seed                                                             ; 1                  ; 1                  ;
+----------------------------------------------------------------------------+--------------------+--------------------+


Parallel compilation was disabled, but you have multiple processors available. Enable parallel compilation to reduce compilation time.
+-------------------------------------+
; Parallel Compilation                ;
+----------------------------+--------+
; Processors                 ; Number ;
+----------------------------+--------+
; Number detected on machine ; 8      ;
; Maximum allowed            ; 1      ;
+----------------------------+--------+


+---------------------------------------------------------------------------------------------------------------------------------------------------------------------------------------------------------+
; Analysis & Synthesis Source Files Read                                                                                                                                                                  ;
+----------------------------------+-----------------+-----------------------+------------------------------------------------------------------------------------------------------------------+---------+
; File Name with User-Entered Path ; Used in Netlist ; File Type             ; File Name with Absolute Path                                                                                     ; Library ;
+----------------------------------+-----------------+-----------------------+------------------------------------------------------------------------------------------------------------------+---------+
; reloj_vga.vhd                    ; yes             ; Auto-Found VHDL File  ; C:/Users/Yola/Documents/TEC/Dig_Avanzados/pendientes/entrega/Reloj digital/relojFUNC/reloj VGA/reloj_vga.vhd     ;         ;
; vga.vhd                          ; yes             ; Auto-Found VHDL File  ; C:/Users/Yola/Documents/TEC/Dig_Avanzados/pendientes/entrega/Reloj digital/relojFUNC/reloj VGA/vga.vhd           ;         ;
; vga25mhz.vhd                     ; yes             ; Auto-Found VHDL File  ; C:/Users/Yola/Documents/TEC/Dig_Avanzados/pendientes/entrega/Reloj digital/relojFUNC/reloj VGA/vga25mhz.vhd      ;         ;
; relojfunc.vhd                    ; yes             ; Auto-Found VHDL File  ; C:/Users/Yola/Documents/TEC/Dig_Avanzados/pendientes/entrega/Reloj digital/relojFUNC/reloj VGA/relojfunc.vhd     ;         ;
; relojfunciona.vhd                ; yes             ; Auto-Found VHDL File  ; C:/Users/Yola/Documents/TEC/Dig_Avanzados/pendientes/entrega/Reloj digital/relojFUNC/reloj VGA/relojfunciona.vhd ;         ;
; relojtotal.vhd                   ; yes             ; Auto-Found VHDL File  ; C:/Users/Yola/Documents/TEC/Dig_Avanzados/pendientes/entrega/Reloj digital/relojFUNC/reloj VGA/relojtotal.vhd    ;         ;
; divisor60seg.vhd                 ; yes             ; Auto-Found VHDL File  ; C:/Users/Yola/Documents/TEC/Dig_Avanzados/pendientes/entrega/Reloj digital/relojFUNC/reloj VGA/divisor60seg.vhd  ;         ;
; fijarhora.vhd                    ; yes             ; Auto-Found VHDL File  ; C:/Users/Yola/Documents/TEC/Dig_Avanzados/pendientes/entrega/Reloj digital/relojFUNC/reloj VGA/fijarhora.vhd     ;         ;
; fijarhora2.vhd                   ; yes             ; Auto-Found VHDL File  ; C:/Users/Yola/Documents/TEC/Dig_Avanzados/pendientes/entrega/Reloj digital/relojFUNC/reloj VGA/fijarhora2.vhd    ;         ;
; bcd7segmin.vhd                   ; yes             ; Auto-Found VHDL File  ; C:/Users/Yola/Documents/TEC/Dig_Avanzados/pendientes/entrega/Reloj digital/relojFUNC/reloj VGA/bcd7segmin.vhd    ;         ;
; bcd7seghor.vhd                   ; yes             ; Auto-Found VHDL File  ; C:/Users/Yola/Documents/TEC/Dig_Avanzados/pendientes/entrega/Reloj digital/relojFUNC/reloj VGA/bcd7seghor.vhd    ;         ;
+----------------------------------+-----------------+-----------------------+------------------------------------------------------------------------------------------------------------------+---------+


+---------------------------------------------------------------+
; Analysis & Synthesis Resource Usage Summary                   ;
+---------------------------------------------+-----------------+
; Resource                                    ; Usage           ;
+---------------------------------------------+-----------------+
; Estimated Total logic elements              ; 1,437           ;
;                                             ;                 ;
; Total combinational functions               ; 1437            ;
; Logic element usage by number of LUT inputs ;                 ;
;     -- 4 input functions                    ; 617             ;
;     -- 3 input functions                    ; 484             ;
;     -- <=2 input functions                  ; 336             ;
;                                             ;                 ;
; Logic elements by mode                      ;                 ;
;     -- normal mode                          ; 918             ;
;     -- arithmetic mode                      ; 519             ;
;                                             ;                 ;
; Total registers                             ; 270             ;
;     -- Dedicated logic registers            ; 270             ;
;     -- I/O registers                        ; 0               ;
;                                             ;                 ;
; I/O pins                                    ; 35              ;
; Embedded Multiplier 9-bit elements          ; 0               ;
; Maximum fan-out node                        ; nRESETEOf~input ;
; Maximum fan-out                             ; 497             ;
; Total fan-out                               ; 5447            ;
; Average fan-out                             ; 3.07            ;
+---------------------------------------------+-----------------+


+-----------------------------------------------------------------------------------------------------------------------------------------------------------------------------------------------------------------------------------+
; Analysis & Synthesis Resource Utilization by Entity                                                                                                                                                                               ;
+-------------------------------+-------------------+--------------+-------------+--------------+---------+-----------+------+--------------+------------------------------------------------------------------------+--------------+
; Compilation Hierarchy Node    ; LC Combinationals ; LC Registers ; Memory Bits ; DSP Elements ; DSP 9x9 ; DSP 18x18 ; Pins ; Virtual Pins ; Full Hierarchy Name                                                    ; Library Name ;
+-------------------------------+-------------------+--------------+-------------+--------------+---------+-----------+------+--------------+------------------------------------------------------------------------+--------------+
; |reloj_vga                    ; 1437 (0)          ; 270 (0)      ; 0           ; 0            ; 0       ; 0         ; 35   ; 0            ; |reloj_vga                                                             ; work         ;
;    |VGA:U0|                   ; 344 (343)         ; 69 (68)      ; 0           ; 0            ; 0       ; 0         ; 0    ; 0            ; |reloj_vga|VGA:U0                                                      ; work         ;
;       |vga25MHz:U0|           ; 1 (1)             ; 1 (1)        ; 0           ; 0            ; 0       ; 0         ; 0    ; 0            ; |reloj_vga|VGA:U0|vga25MHz:U0                                          ; work         ;
;    |relojFUNC:U1|             ; 1093 (0)          ; 201 (0)      ; 0           ; 0            ; 0       ; 0         ; 0    ; 0            ; |reloj_vga|relojFUNC:U1                                                ; work         ;
;       |bcd7SEGHOR:U2|         ; 198 (198)         ; 0 (0)        ; 0           ; 0            ; 0       ; 0         ; 0    ; 0            ; |reloj_vga|relojFUNC:U1|bcd7SEGHOR:U2                                  ; work         ;
;       |bcd7SEGMIN:U1|         ; 390 (390)         ; 0 (0)        ; 0           ; 0            ; 0       ; 0         ; 0    ; 0            ; |reloj_vga|relojFUNC:U1|bcd7SEGMIN:U1                                  ; work         ;
;       |relojFUNCIONA:U0|      ; 505 (152)         ; 201 (0)      ; 0           ; 0            ; 0       ; 0         ; 0    ; 0            ; |reloj_vga|relojFUNC:U1|relojFUNCIONA:U0                               ; work         ;
;          |fijarHora2:U2|      ; 76 (76)           ; 32 (32)      ; 0           ; 0            ; 0       ; 0         ; 0    ; 0            ; |reloj_vga|relojFUNC:U1|relojFUNCIONA:U0|fijarHora2:U2                 ; work         ;
;          |fijarHora:U1|       ; 76 (76)           ; 32 (32)      ; 0           ; 0            ; 0       ; 0         ; 0    ; 0            ; |reloj_vga|relojFUNC:U1|relojFUNCIONA:U0|fijarHora:U1                  ; work         ;
;          |relojTOTAL:U0|      ; 201 (148)         ; 137 (103)    ; 0           ; 0            ; 0       ; 0         ; 0    ; 0            ; |reloj_vga|relojFUNC:U1|relojFUNCIONA:U0|relojTOTAL:U0                 ; work         ;
;             |divisor60SEG:U0| ; 53 (53)           ; 34 (34)      ; 0           ; 0            ; 0       ; 0         ; 0    ; 0            ; |reloj_vga|relojFUNC:U1|relojFUNCIONA:U0|relojTOTAL:U0|divisor60SEG:U0 ; work         ;
+-------------------------------+-------------------+--------------+-------------+--------------+---------+-----------+------+--------------+------------------------------------------------------------------------+--------------+
Note: For table entries with two numbers listed, the numbers in parentheses indicate the number of resources of the given type used by the specific entity alone. The numbers listed outside of parentheses indicate the total resources of the given type used by the specific entity and all of its sub-entities in the hierarchy.


+-----------------------------------------------------------------------------------------------------------------------------------------+
; User-Specified and Inferred Latches                                                                                                     ;
+-----------------------------------------------------------+----------------------------------------------------+------------------------+
; Latch Name                                                ; Latch Enable Signal                                ; Free of Timing Hazards ;
+-----------------------------------------------------------+----------------------------------------------------+------------------------+
; relojFUNC:U1|relojFUNCIONA:U0|fijarHora2:U2|salidaHOR[3]  ; relojFUNC:U1|relojFUNCIONA:U0|fijarHora2:U2|Equal0 ; yes                    ;
; relojFUNC:U1|relojFUNCIONA:U0|fijarHora2:U2|salidaHOR[2]  ; relojFUNC:U1|relojFUNCIONA:U0|fijarHora2:U2|Equal0 ; yes                    ;
; relojFUNC:U1|relojFUNCIONA:U0|fijarHora2:U2|salidaHOR[1]  ; relojFUNC:U1|relojFUNCIONA:U0|fijarHora2:U2|Equal0 ; yes                    ;
; relojFUNC:U1|relojFUNCIONA:U0|fijarHora2:U2|salidaHOR[0]  ; relojFUNC:U1|relojFUNCIONA:U0|fijarHora2:U2|Equal0 ; yes                    ;
; relojFUNC:U1|relojFUNCIONA:U0|fijarHora2:U2|salidaHOR[4]  ; relojFUNC:U1|relojFUNCIONA:U0|fijarHora2:U2|Equal0 ; yes                    ;
; relojFUNC:U1|relojFUNCIONA:U0|fijarHora2:U2|salidaHOR[5]  ; relojFUNC:U1|relojFUNCIONA:U0|fijarHora2:U2|Equal0 ; yes                    ;
; relojFUNC:U1|relojFUNCIONA:U0|fijarHora2:U2|salidaHOR[6]  ; relojFUNC:U1|relojFUNCIONA:U0|fijarHora2:U2|Equal0 ; yes                    ;
; relojFUNC:U1|relojFUNCIONA:U0|fijarHora2:U2|salidaHOR[7]  ; relojFUNC:U1|relojFUNCIONA:U0|fijarHora2:U2|Equal0 ; yes                    ;
; relojFUNC:U1|relojFUNCIONA:U0|fijarHora2:U2|salidaHOR[8]  ; relojFUNC:U1|relojFUNCIONA:U0|fijarHora2:U2|Equal0 ; yes                    ;
; relojFUNC:U1|relojFUNCIONA:U0|fijarHora2:U2|salidaHOR[9]  ; relojFUNC:U1|relojFUNCIONA:U0|fijarHora2:U2|Equal0 ; yes                    ;
; relojFUNC:U1|relojFUNCIONA:U0|fijarHora2:U2|salidaHOR[10] ; relojFUNC:U1|relojFUNCIONA:U0|fijarHora2:U2|Equal0 ; yes                    ;
; relojFUNC:U1|relojFUNCIONA:U0|fijarHora2:U2|salidaHOR[11] ; relojFUNC:U1|relojFUNCIONA:U0|fijarHora2:U2|Equal0 ; yes                    ;
; relojFUNC:U1|relojFUNCIONA:U0|fijarHora2:U2|salidaHOR[12] ; relojFUNC:U1|relojFUNCIONA:U0|fijarHora2:U2|Equal0 ; yes                    ;
; relojFUNC:U1|relojFUNCIONA:U0|fijarHora2:U2|salidaHOR[13] ; relojFUNC:U1|relojFUNCIONA:U0|fijarHora2:U2|Equal0 ; yes                    ;
; relojFUNC:U1|relojFUNCIONA:U0|fijarHora2:U2|salidaHOR[14] ; relojFUNC:U1|relojFUNCIONA:U0|fijarHora2:U2|Equal0 ; yes                    ;
; relojFUNC:U1|relojFUNCIONA:U0|fijarHora2:U2|salidaHOR[15] ; relojFUNC:U1|relojFUNCIONA:U0|fijarHora2:U2|Equal0 ; yes                    ;
; relojFUNC:U1|relojFUNCIONA:U0|fijarHora2:U2|salidaHOR[16] ; relojFUNC:U1|relojFUNCIONA:U0|fijarHora2:U2|Equal0 ; yes                    ;
; relojFUNC:U1|relojFUNCIONA:U0|fijarHora2:U2|salidaHOR[17] ; relojFUNC:U1|relojFUNCIONA:U0|fijarHora2:U2|Equal0 ; yes                    ;
; relojFUNC:U1|relojFUNCIONA:U0|fijarHora2:U2|salidaHOR[18] ; relojFUNC:U1|relojFUNCIONA:U0|fijarHora2:U2|Equal0 ; yes                    ;
; relojFUNC:U1|relojFUNCIONA:U0|fijarHora2:U2|salidaHOR[19] ; relojFUNC:U1|relojFUNCIONA:U0|fijarHora2:U2|Equal0 ; yes                    ;
; relojFUNC:U1|relojFUNCIONA:U0|fijarHora2:U2|salidaHOR[20] ; relojFUNC:U1|relojFUNCIONA:U0|fijarHora2:U2|Equal0 ; yes                    ;
; relojFUNC:U1|relojFUNCIONA:U0|fijarHora2:U2|salidaHOR[21] ; relojFUNC:U1|relojFUNCIONA:U0|fijarHora2:U2|Equal0 ; yes                    ;
; relojFUNC:U1|relojFUNCIONA:U0|fijarHora2:U2|salidaHOR[22] ; relojFUNC:U1|relojFUNCIONA:U0|fijarHora2:U2|Equal0 ; yes                    ;
; relojFUNC:U1|relojFUNCIONA:U0|fijarHora2:U2|salidaHOR[23] ; relojFUNC:U1|relojFUNCIONA:U0|fijarHora2:U2|Equal0 ; yes                    ;
; relojFUNC:U1|relojFUNCIONA:U0|fijarHora2:U2|salidaHOR[24] ; relojFUNC:U1|relojFUNCIONA:U0|fijarHora2:U2|Equal0 ; yes                    ;
; relojFUNC:U1|relojFUNCIONA:U0|fijarHora2:U2|salidaHOR[25] ; relojFUNC:U1|relojFUNCIONA:U0|fijarHora2:U2|Equal0 ; yes                    ;
; relojFUNC:U1|relojFUNCIONA:U0|fijarHora2:U2|salidaHOR[26] ; relojFUNC:U1|relojFUNCIONA:U0|fijarHora2:U2|Equal0 ; yes                    ;
; relojFUNC:U1|relojFUNCIONA:U0|fijarHora2:U2|salidaHOR[27] ; relojFUNC:U1|relojFUNCIONA:U0|fijarHora2:U2|Equal0 ; yes                    ;
; relojFUNC:U1|relojFUNCIONA:U0|fijarHora2:U2|salidaHOR[28] ; relojFUNC:U1|relojFUNCIONA:U0|fijarHora2:U2|Equal0 ; yes                    ;
; relojFUNC:U1|relojFUNCIONA:U0|fijarHora2:U2|salidaHOR[29] ; relojFUNC:U1|relojFUNCIONA:U0|fijarHora2:U2|Equal0 ; yes                    ;
; relojFUNC:U1|relojFUNCIONA:U0|fijarHora2:U2|salidaHOR[30] ; relojFUNC:U1|relojFUNCIONA:U0|fijarHora2:U2|Equal0 ; yes                    ;
; relojFUNC:U1|relojFUNCIONA:U0|fijarHora2:U2|salidaHOR[31] ; relojFUNC:U1|relojFUNCIONA:U0|fijarHora2:U2|Equal0 ; yes                    ;
; relojFUNC:U1|bcd7SEGHOR:U2|resta[7]                       ; relojFUNC:U1|bcd7SEGHOR:U2|resta[7]                ; yes                    ;
; relojFUNC:U1|bcd7SEGHOR:U2|resta[6]                       ; relojFUNC:U1|bcd7SEGHOR:U2|resta[7]                ; yes                    ;
; relojFUNC:U1|bcd7SEGHOR:U2|resta[5]                       ; relojFUNC:U1|bcd7SEGHOR:U2|resta[7]                ; yes                    ;
; relojFUNC:U1|bcd7SEGHOR:U2|resta[4]                       ; relojFUNC:U1|bcd7SEGHOR:U2|resta[7]                ; yes                    ;
; relojFUNC:U1|bcd7SEGHOR:U2|resta[3]                       ; relojFUNC:U1|bcd7SEGHOR:U2|resta[7]                ; yes                    ;
; relojFUNC:U1|bcd7SEGHOR:U2|resta[2]                       ; relojFUNC:U1|bcd7SEGHOR:U2|resta[7]                ; yes                    ;
; relojFUNC:U1|bcd7SEGHOR:U2|resta[1]                       ; relojFUNC:U1|bcd7SEGHOR:U2|resta[7]                ; yes                    ;
; relojFUNC:U1|bcd7SEGHOR:U2|resta[0]                       ; relojFUNC:U1|bcd7SEGHOR:U2|resta[7]                ; yes                    ;
; relojFUNC:U1|bcd7SEGHOR:U2|resta[9]                       ; relojFUNC:U1|bcd7SEGHOR:U2|resta[7]                ; yes                    ;
; relojFUNC:U1|bcd7SEGHOR:U2|resta[10]                      ; relojFUNC:U1|bcd7SEGHOR:U2|resta[7]                ; yes                    ;
; relojFUNC:U1|bcd7SEGHOR:U2|resta[11]                      ; relojFUNC:U1|bcd7SEGHOR:U2|resta[7]                ; yes                    ;
; relojFUNC:U1|bcd7SEGHOR:U2|resta[12]                      ; relojFUNC:U1|bcd7SEGHOR:U2|resta[7]                ; yes                    ;
; relojFUNC:U1|bcd7SEGHOR:U2|resta[13]                      ; relojFUNC:U1|bcd7SEGHOR:U2|resta[7]                ; yes                    ;
; relojFUNC:U1|bcd7SEGHOR:U2|resta[14]                      ; relojFUNC:U1|bcd7SEGHOR:U2|resta[7]                ; yes                    ;
; relojFUNC:U1|bcd7SEGHOR:U2|resta[15]                      ; relojFUNC:U1|bcd7SEGHOR:U2|resta[7]                ; yes                    ;
; relojFUNC:U1|bcd7SEGHOR:U2|resta[16]                      ; relojFUNC:U1|bcd7SEGHOR:U2|resta[7]                ; yes                    ;
; relojFUNC:U1|bcd7SEGHOR:U2|resta[17]                      ; relojFUNC:U1|bcd7SEGHOR:U2|resta[7]                ; yes                    ;
; relojFUNC:U1|bcd7SEGHOR:U2|resta[18]                      ; relojFUNC:U1|bcd7SEGHOR:U2|resta[7]                ; yes                    ;
; relojFUNC:U1|bcd7SEGHOR:U2|resta[19]                      ; relojFUNC:U1|bcd7SEGHOR:U2|resta[7]                ; yes                    ;
; relojFUNC:U1|bcd7SEGHOR:U2|resta[20]                      ; relojFUNC:U1|bcd7SEGHOR:U2|resta[7]                ; yes                    ;
; relojFUNC:U1|bcd7SEGHOR:U2|resta[21]                      ; relojFUNC:U1|bcd7SEGHOR:U2|resta[7]                ; yes                    ;
; relojFUNC:U1|bcd7SEGHOR:U2|resta[22]                      ; relojFUNC:U1|bcd7SEGHOR:U2|resta[7]                ; yes                    ;
; relojFUNC:U1|bcd7SEGHOR:U2|resta[23]                      ; relojFUNC:U1|bcd7SEGHOR:U2|resta[7]                ; yes                    ;
; relojFUNC:U1|bcd7SEGHOR:U2|resta[24]                      ; relojFUNC:U1|bcd7SEGHOR:U2|resta[7]                ; yes                    ;
; relojFUNC:U1|bcd7SEGHOR:U2|resta[25]                      ; relojFUNC:U1|bcd7SEGHOR:U2|resta[7]                ; yes                    ;
; relojFUNC:U1|bcd7SEGHOR:U2|resta[26]                      ; relojFUNC:U1|bcd7SEGHOR:U2|resta[7]                ; yes                    ;
; relojFUNC:U1|bcd7SEGHOR:U2|resta[27]                      ; relojFUNC:U1|bcd7SEGHOR:U2|resta[7]                ; yes                    ;
; relojFUNC:U1|bcd7SEGHOR:U2|resta[28]                      ; relojFUNC:U1|bcd7SEGHOR:U2|resta[7]                ; yes                    ;
; relojFUNC:U1|bcd7SEGHOR:U2|resta[29]                      ; relojFUNC:U1|bcd7SEGHOR:U2|resta[7]                ; yes                    ;
; relojFUNC:U1|bcd7SEGHOR:U2|resta[30]                      ; relojFUNC:U1|bcd7SEGHOR:U2|resta[7]                ; yes                    ;
; relojFUNC:U1|bcd7SEGHOR:U2|resta[31]                      ; relojFUNC:U1|bcd7SEGHOR:U2|resta[7]                ; yes                    ;
; relojFUNC:U1|bcd7SEGHOR:U2|resta[8]                       ; relojFUNC:U1|bcd7SEGHOR:U2|resta[7]                ; yes                    ;
; relojFUNC:U1|relojFUNCIONA:U0|fijarHora:U1|salidaMIN[2]   ; relojFUNC:U1|relojFUNCIONA:U0|fijarHora:U1|Equal0  ; yes                    ;
; relojFUNC:U1|relojFUNCIONA:U0|fijarHora:U1|salidaMIN[1]   ; relojFUNC:U1|relojFUNCIONA:U0|fijarHora:U1|Equal0  ; yes                    ;
; relojFUNC:U1|relojFUNCIONA:U0|fijarHora:U1|salidaMIN[0]   ; relojFUNC:U1|relojFUNCIONA:U0|fijarHora:U1|Equal0  ; yes                    ;
; relojFUNC:U1|relojFUNCIONA:U0|fijarHora:U1|salidaMIN[3]   ; relojFUNC:U1|relojFUNCIONA:U0|fijarHora:U1|Equal0  ; yes                    ;
; relojFUNC:U1|relojFUNCIONA:U0|fijarHora:U1|salidaMIN[4]   ; relojFUNC:U1|relojFUNCIONA:U0|fijarHora:U1|Equal0  ; yes                    ;
; relojFUNC:U1|relojFUNCIONA:U0|fijarHora:U1|salidaMIN[5]   ; relojFUNC:U1|relojFUNCIONA:U0|fijarHora:U1|Equal0  ; yes                    ;
; relojFUNC:U1|relojFUNCIONA:U0|fijarHora:U1|salidaMIN[6]   ; relojFUNC:U1|relojFUNCIONA:U0|fijarHora:U1|Equal0  ; yes                    ;
; relojFUNC:U1|relojFUNCIONA:U0|fijarHora:U1|salidaMIN[7]   ; relojFUNC:U1|relojFUNCIONA:U0|fijarHora:U1|Equal0  ; yes                    ;
; relojFUNC:U1|relojFUNCIONA:U0|fijarHora:U1|salidaMIN[8]   ; relojFUNC:U1|relojFUNCIONA:U0|fijarHora:U1|Equal0  ; yes                    ;
; relojFUNC:U1|relojFUNCIONA:U0|fijarHora:U1|salidaMIN[9]   ; relojFUNC:U1|relojFUNCIONA:U0|fijarHora:U1|Equal0  ; yes                    ;
; relojFUNC:U1|relojFUNCIONA:U0|fijarHora:U1|salidaMIN[10]  ; relojFUNC:U1|relojFUNCIONA:U0|fijarHora:U1|Equal0  ; yes                    ;
; relojFUNC:U1|relojFUNCIONA:U0|fijarHora:U1|salidaMIN[11]  ; relojFUNC:U1|relojFUNCIONA:U0|fijarHora:U1|Equal0  ; yes                    ;
; relojFUNC:U1|relojFUNCIONA:U0|fijarHora:U1|salidaMIN[12]  ; relojFUNC:U1|relojFUNCIONA:U0|fijarHora:U1|Equal0  ; yes                    ;
; relojFUNC:U1|relojFUNCIONA:U0|fijarHora:U1|salidaMIN[13]  ; relojFUNC:U1|relojFUNCIONA:U0|fijarHora:U1|Equal0  ; yes                    ;
; relojFUNC:U1|relojFUNCIONA:U0|fijarHora:U1|salidaMIN[14]  ; relojFUNC:U1|relojFUNCIONA:U0|fijarHora:U1|Equal0  ; yes                    ;
; relojFUNC:U1|relojFUNCIONA:U0|fijarHora:U1|salidaMIN[15]  ; relojFUNC:U1|relojFUNCIONA:U0|fijarHora:U1|Equal0  ; yes                    ;
; relojFUNC:U1|relojFUNCIONA:U0|fijarHora:U1|salidaMIN[16]  ; relojFUNC:U1|relojFUNCIONA:U0|fijarHora:U1|Equal0  ; yes                    ;
; relojFUNC:U1|relojFUNCIONA:U0|fijarHora:U1|salidaMIN[17]  ; relojFUNC:U1|relojFUNCIONA:U0|fijarHora:U1|Equal0  ; yes                    ;
; relojFUNC:U1|relojFUNCIONA:U0|fijarHora:U1|salidaMIN[18]  ; relojFUNC:U1|relojFUNCIONA:U0|fijarHora:U1|Equal0  ; yes                    ;
; relojFUNC:U1|relojFUNCIONA:U0|fijarHora:U1|salidaMIN[19]  ; relojFUNC:U1|relojFUNCIONA:U0|fijarHora:U1|Equal0  ; yes                    ;
; relojFUNC:U1|relojFUNCIONA:U0|fijarHora:U1|salidaMIN[20]  ; relojFUNC:U1|relojFUNCIONA:U0|fijarHora:U1|Equal0  ; yes                    ;
; relojFUNC:U1|relojFUNCIONA:U0|fijarHora:U1|salidaMIN[21]  ; relojFUNC:U1|relojFUNCIONA:U0|fijarHora:U1|Equal0  ; yes                    ;
; relojFUNC:U1|relojFUNCIONA:U0|fijarHora:U1|salidaMIN[22]  ; relojFUNC:U1|relojFUNCIONA:U0|fijarHora:U1|Equal0  ; yes                    ;
; relojFUNC:U1|relojFUNCIONA:U0|fijarHora:U1|salidaMIN[23]  ; relojFUNC:U1|relojFUNCIONA:U0|fijarHora:U1|Equal0  ; yes                    ;
; relojFUNC:U1|relojFUNCIONA:U0|fijarHora:U1|salidaMIN[24]  ; relojFUNC:U1|relojFUNCIONA:U0|fijarHora:U1|Equal0  ; yes                    ;
; relojFUNC:U1|relojFUNCIONA:U0|fijarHora:U1|salidaMIN[25]  ; relojFUNC:U1|relojFUNCIONA:U0|fijarHora:U1|Equal0  ; yes                    ;
; relojFUNC:U1|relojFUNCIONA:U0|fijarHora:U1|salidaMIN[26]  ; relojFUNC:U1|relojFUNCIONA:U0|fijarHora:U1|Equal0  ; yes                    ;
; relojFUNC:U1|relojFUNCIONA:U0|fijarHora:U1|salidaMIN[27]  ; relojFUNC:U1|relojFUNCIONA:U0|fijarHora:U1|Equal0  ; yes                    ;
; relojFUNC:U1|relojFUNCIONA:U0|fijarHora:U1|salidaMIN[28]  ; relojFUNC:U1|relojFUNCIONA:U0|fijarHora:U1|Equal0  ; yes                    ;
; relojFUNC:U1|relojFUNCIONA:U0|fijarHora:U1|salidaMIN[29]  ; relojFUNC:U1|relojFUNCIONA:U0|fijarHora:U1|Equal0  ; yes                    ;
; relojFUNC:U1|relojFUNCIONA:U0|fijarHora:U1|salidaMIN[30]  ; relojFUNC:U1|relojFUNCIONA:U0|fijarHora:U1|Equal0  ; yes                    ;
; relojFUNC:U1|relojFUNCIONA:U0|fijarHora:U1|salidaMIN[31]  ; relojFUNC:U1|relojFUNCIONA:U0|fijarHora:U1|Equal0  ; yes                    ;
; relojFUNC:U1|bcd7SEGMIN:U1|resta[11]                      ; relojFUNC:U1|bcd7SEGMIN:U1|resta[11]               ; yes                    ;
; relojFUNC:U1|bcd7SEGMIN:U1|resta[10]                      ; relojFUNC:U1|bcd7SEGMIN:U1|resta[11]               ; yes                    ;
; relojFUNC:U1|bcd7SEGMIN:U1|resta[9]                       ; relojFUNC:U1|bcd7SEGMIN:U1|resta[11]               ; yes                    ;
; relojFUNC:U1|bcd7SEGMIN:U1|resta[8]                       ; relojFUNC:U1|bcd7SEGMIN:U1|resta[11]               ; yes                    ;
; Number of user-specified and inferred latches = 128       ;                                                    ;                        ;
+-----------------------------------------------------------+----------------------------------------------------+------------------------+
Table restricted to first 100 entries. Note: All latches listed above may not be present at the end of synthesis due to various synthesis optimizations.


+-------------------------------------------------------------------------------------------------------------------------+
; Registers Removed During Synthesis                                                                                      ;
+------------------------------------------------------+------------------------------------------------------------------+
; Register name                                        ; Reason for Removal                                               ;
+------------------------------------------------------+------------------------------------------------------------------+
; relojFUNC:U1|relojFUNCIONA:U0|relojTOTAL:U0|contG[1] ; Merged with relojFUNC:U1|relojFUNCIONA:U0|relojTOTAL:U0|contB[1] ;
; relojFUNC:U1|relojFUNCIONA:U0|relojTOTAL:U0|contR[1] ; Merged with relojFUNC:U1|relojFUNCIONA:U0|relojTOTAL:U0|contB[1] ;
; relojFUNC:U1|relojFUNCIONA:U0|relojTOTAL:U0|contG[7] ; Merged with relojFUNC:U1|relojFUNCIONA:U0|relojTOTAL:U0|contB[7] ;
; relojFUNC:U1|relojFUNCIONA:U0|relojTOTAL:U0|contR[7] ; Merged with relojFUNC:U1|relojFUNCIONA:U0|relojTOTAL:U0|contB[7] ;
; relojFUNC:U1|relojFUNCIONA:U0|relojTOTAL:U0|contG[6] ; Merged with relojFUNC:U1|relojFUNCIONA:U0|relojTOTAL:U0|contB[6] ;
; relojFUNC:U1|relojFUNCIONA:U0|relojTOTAL:U0|contR[6] ; Merged with relojFUNC:U1|relojFUNCIONA:U0|relojTOTAL:U0|contB[6] ;
; relojFUNC:U1|relojFUNCIONA:U0|relojTOTAL:U0|contG[5] ; Merged with relojFUNC:U1|relojFUNCIONA:U0|relojTOTAL:U0|contB[5] ;
; relojFUNC:U1|relojFUNCIONA:U0|relojTOTAL:U0|contR[5] ; Merged with relojFUNC:U1|relojFUNCIONA:U0|relojTOTAL:U0|contB[5] ;
; relojFUNC:U1|relojFUNCIONA:U0|relojTOTAL:U0|contG[4] ; Merged with relojFUNC:U1|relojFUNCIONA:U0|relojTOTAL:U0|contB[4] ;
; relojFUNC:U1|relojFUNCIONA:U0|relojTOTAL:U0|contR[4] ; Merged with relojFUNC:U1|relojFUNCIONA:U0|relojTOTAL:U0|contB[4] ;
; relojFUNC:U1|relojFUNCIONA:U0|relojTOTAL:U0|contG[3] ; Merged with relojFUNC:U1|relojFUNCIONA:U0|relojTOTAL:U0|contB[3] ;
; relojFUNC:U1|relojFUNCIONA:U0|relojTOTAL:U0|contR[3] ; Merged with relojFUNC:U1|relojFUNCIONA:U0|relojTOTAL:U0|contB[3] ;
; relojFUNC:U1|relojFUNCIONA:U0|relojTOTAL:U0|contG[2] ; Merged with relojFUNC:U1|relojFUNCIONA:U0|relojTOTAL:U0|contB[2] ;
; relojFUNC:U1|relojFUNCIONA:U0|relojTOTAL:U0|contR[2] ; Merged with relojFUNC:U1|relojFUNCIONA:U0|relojTOTAL:U0|contB[2] ;
; Total Number of Removed Registers = 14               ;                                                                  ;
+------------------------------------------------------+------------------------------------------------------------------+


+------------------------------------------------------+
; General Register Statistics                          ;
+----------------------------------------------+-------+
; Statistic                                    ; Value ;
+----------------------------------------------+-------+
; Total registers                              ; 270   ;
; Number of registers using Synchronous Clear  ; 0     ;
; Number of registers using Synchronous Load   ; 0     ;
; Number of registers using Asynchronous Clear ; 193   ;
; Number of registers using Asynchronous Load  ; 0     ;
; Number of registers using Clock Enable       ; 74    ;
; Number of registers using Preset             ; 0     ;
+----------------------------------------------+-------+


+-----------------------------------------------------------------------------------------------------------------------------------------------------------------------------+
; Multiplexer Restructuring Statistics (Restructuring Performed)                                                                                                              ;
+--------------------+-----------+---------------+----------------------+------------------------+------------+---------------------------------------------------------------+
; Multiplexer Inputs ; Bus Width ; Baseline Area ; Area if Restructured ; Saving if Restructured ; Registered ; Example Multiplexer Output                                    ;
+--------------------+-----------+---------------+----------------------+------------------------+------------+---------------------------------------------------------------+
; 6:1                ; 2 bits    ; 8 LEs         ; 4 LEs                ; 4 LEs                  ; Yes        ; |reloj_vga|VGA:U0|bH                                          ;
; 6:1                ; 31 bits   ; 124 LEs       ; 31 LEs               ; 93 LEs                 ; Yes        ; |reloj_vga|VGA:U0|contadorH[8]                                ;
; 6:1                ; 2 bits    ; 8 LEs         ; 4 LEs                ; 4 LEs                  ; Yes        ; |reloj_vga|VGA:U0|vgaVSA                                      ;
; 6:1                ; 31 bits   ; 124 LEs       ; 31 LEs               ; 93 LEs                 ; Yes        ; |reloj_vga|VGA:U0|contadorV[1]                                ;
; 3:1                ; 29 bits   ; 58 LEs        ; 58 LEs               ; 0 LEs                  ; No         ; |reloj_vga|relojFUNC:U1|bcd7SEGHOR:U2|resta[17]               ;
; 4:1                ; 32 bits   ; 64 LEs        ; 64 LEs               ; 0 LEs                  ; No         ; |reloj_vga|relojFUNC:U1|relojFUNCIONA:U0|minutosCOMPUESTO[19] ;
; 4:1                ; 32 bits   ; 64 LEs        ; 64 LEs               ; 0 LEs                  ; No         ; |reloj_vga|relojFUNC:U1|relojFUNCIONA:U0|horasCOMPUESTO[31]   ;
; 4:1                ; 3 bits    ; 6 LEs         ; 6 LEs                ; 0 LEs                  ; No         ; |reloj_vga|relojFUNC:U1|bcd7SEGHOR:U2|salida7SEGHORD[5]       ;
; 5:1                ; 7 bits    ; 21 LEs        ; 14 LEs               ; 7 LEs                  ; No         ; |reloj_vga|relojFUNC:U1|bcd7SEGHOR:U2|salida7SEGHOR[0]        ;
; 6:1                ; 32 bits   ; 128 LEs       ; 32 LEs               ; 96 LEs                 ; No         ; |reloj_vga|VGA:U0|contadorV                                   ;
; 6:1                ; 28 bits   ; 112 LEs       ; 112 LEs              ; 0 LEs                  ; No         ; |reloj_vga|relojFUNC:U1|bcd7SEGMIN:U1|resta[19]               ;
; 7:1                ; 3 bits    ; 12 LEs        ; 12 LEs               ; 0 LEs                  ; No         ; |reloj_vga|relojFUNC:U1|bcd7SEGMIN:U1|salida7SEGD[4]          ;
; 8:1                ; 7 bits    ; 35 LEs        ; 14 LEs               ; 21 LEs                 ; No         ; |reloj_vga|relojFUNC:U1|bcd7SEGMIN:U1|salida7SEG[5]           ;
+--------------------+-----------+---------------+----------------------+------------------------+------------+---------------------------------------------------------------+


+-------------------------------+
; Elapsed Time Per Partition    ;
+----------------+--------------+
; Partition Name ; Elapsed Time ;
+----------------+--------------+
; Top            ; 00:00:09     ;
+----------------+--------------+


+-------------------------------+
; Analysis & Synthesis Messages ;
+-------------------------------+
Info: *******************************************************************
Info: Running Quartus II 64-Bit Analysis & Synthesis
    Info: Version 13.0.1 Build 232 06/12/2013 Service Pack 1 SJ Web Edition
    Info: Processing started: Sun Dec 08 16:41:28 2019
Info: Command: quartus_map --read_settings_files=on --write_settings_files=off reloj_vga -c reloj_vga
Warning (20028): Parallel compilation is not licensed and has been disabled
Warning (12125): Using design file reloj_vga.vhd, which is not specified as a design file for the current project, but contains definitions for 2 design units and 1 entities in project
    Info (12022): Found design unit 1: reloj_vga-beh
    Info (12023): Found entity 1: reloj_vga
Info (12127): Elaborating entity "reloj_vga" for the top level hierarchy
Warning (12125): Using design file vga.vhd, which is not specified as a design file for the current project, but contains definitions for 2 design units and 1 entities in project
    Info (12022): Found design unit 1: VGA-Beh
    Info (12023): Found entity 1: VGA
Info (12128): Elaborating entity "VGA" for hierarchy "VGA:U0"
Warning (12125): Using design file vga25mhz.vhd, which is not specified as a design file for the current project, but contains definitions for 2 design units and 1 entities in project
    Info (12022): Found design unit 1: vga25MHz-beh
    Info (12023): Found entity 1: vga25MHz
Info (12128): Elaborating entity "vga25MHz" for hierarchy "VGA:U0|vga25MHz:U0"
Warning (10492): VHDL Process Statement warning at vga25mhz.vhd(23): signal "clk_div" is read inside the Process Statement but isn't in the Process Statement's sensitivity list
Warning (10492): VHDL Process Statement warning at vga25mhz.vhd(25): signal "clk_div" is read inside the Process Statement but isn't in the Process Statement's sensitivity list
Warning (12125): Using design file relojfunc.vhd, which is not specified as a design file for the current project, but contains definitions for 2 design units and 1 entities in project
    Info (12022): Found design unit 1: relojFUNC-Beh
    Info (12023): Found entity 1: relojFUNC
Info (12128): Elaborating entity "relojFUNC" for hierarchy "relojFUNC:U1"
Warning (12125): Using design file relojfunciona.vhd, which is not specified as a design file for the current project, but contains definitions for 2 design units and 1 entities in project
    Info (12022): Found design unit 1: relojFUNCIONA-Beh
    Info (12023): Found entity 1: relojFUNCIONA
Info (12128): Elaborating entity "relojFUNCIONA" for hierarchy "relojFUNC:U1|relojFUNCIONA:U0"
Warning (10492): VHDL Process Statement warning at relojfunciona.vhd(63): signal "contCM" is read inside the Process Statement but isn't in the Process Statement's sensitivity list
Warning (10492): VHDL Process Statement warning at relojfunciona.vhd(64): signal "contCH" is read inside the Process Statement but isn't in the Process Statement's sensitivity list
Warning (12125): Using design file relojtotal.vhd, which is not specified as a design file for the current project, but contains definitions for 2 design units and 1 entities in project
    Info (12022): Found design unit 1: relojTOTAL-Beh
    Info (12023): Found entity 1: relojTOTAL
Info (12128): Elaborating entity "relojTOTAL" for hierarchy "relojFUNC:U1|relojFUNCIONA:U0|relojTOTAL:U0"
Warning (10540): VHDL Signal Declaration warning at relojtotal.vhd(32): used explicit default value for signal "sumarMIN" because signal was never assigned a value
Warning (10540): VHDL Signal Declaration warning at relojtotal.vhd(32): used explicit default value for signal "sumarHOR" because signal was never assigned a value
Warning (10492): VHDL Process Statement warning at relojtotal.vhd(72): signal "contadorSEG" is read inside the Process Statement but isn't in the Process Statement's sensitivity list
Warning (12125): Using design file divisor60seg.vhd, which is not specified as a design file for the current project, but contains definitions for 2 design units and 1 entities in project
    Info (12022): Found design unit 1: divisor60SEG-Beh
    Info (12023): Found entity 1: divisor60SEG
Info (12128): Elaborating entity "divisor60SEG" for hierarchy "relojFUNC:U1|relojFUNCIONA:U0|relojTOTAL:U0|divisor60SEG:U0"
Warning (10492): VHDL Process Statement warning at divisor60seg.vhd(23): signal "nRst" is read inside the Process Statement but isn't in the Process Statement's sensitivity list
Warning (12125): Using design file fijarhora.vhd, which is not specified as a design file for the current project, but contains definitions for 2 design units and 1 entities in project
    Info (12022): Found design unit 1: fijarHora-Beh
    Info (12023): Found entity 1: fijarHora
Info (12128): Elaborating entity "fijarHora" for hierarchy "relojFUNC:U1|relojFUNCIONA:U0|fijarHora:U1"
Warning (10492): VHDL Process Statement warning at fijarhora.vhd(26): signal "contadorMIN" is read inside the Process Statement but isn't in the Process Statement's sensitivity list
Warning (10492): VHDL Process Statement warning at fijarhora.vhd(32): signal "contadorMIN" is read inside the Process Statement but isn't in the Process Statement's sensitivity list
Warning (10492): VHDL Process Statement warning at fijarhora.vhd(34): signal "contadorMIN" is read inside the Process Statement but isn't in the Process Statement's sensitivity list
Warning (10631): VHDL Process Statement warning at fijarhora.vhd(21): inferring latch(es) for signal or variable "salidaMIN", which holds its previous value in one or more paths through the process
Info (10041): Inferred latch for "salidaMIN[0]" at fijarhora.vhd(21)
Info (10041): Inferred latch for "salidaMIN[1]" at fijarhora.vhd(21)
Info (10041): Inferred latch for "salidaMIN[2]" at fijarhora.vhd(21)
Info (10041): Inferred latch for "salidaMIN[3]" at fijarhora.vhd(21)
Info (10041): Inferred latch for "salidaMIN[4]" at fijarhora.vhd(21)
Info (10041): Inferred latch for "salidaMIN[5]" at fijarhora.vhd(21)
Info (10041): Inferred latch for "salidaMIN[6]" at fijarhora.vhd(21)
Info (10041): Inferred latch for "salidaMIN[7]" at fijarhora.vhd(21)
Info (10041): Inferred latch for "salidaMIN[8]" at fijarhora.vhd(21)
Info (10041): Inferred latch for "salidaMIN[9]" at fijarhora.vhd(21)
Info (10041): Inferred latch for "salidaMIN[10]" at fijarhora.vhd(21)
Info (10041): Inferred latch for "salidaMIN[11]" at fijarhora.vhd(21)
Info (10041): Inferred latch for "salidaMIN[12]" at fijarhora.vhd(21)
Info (10041): Inferred latch for "salidaMIN[13]" at fijarhora.vhd(21)
Info (10041): Inferred latch for "salidaMIN[14]" at fijarhora.vhd(21)
Info (10041): Inferred latch for "salidaMIN[15]" at fijarhora.vhd(21)
Info (10041): Inferred latch for "salidaMIN[16]" at fijarhora.vhd(21)
Info (10041): Inferred latch for "salidaMIN[17]" at fijarhora.vhd(21)
Info (10041): Inferred latch for "salidaMIN[18]" at fijarhora.vhd(21)
Info (10041): Inferred latch for "salidaMIN[19]" at fijarhora.vhd(21)
Info (10041): Inferred latch for "salidaMIN[20]" at fijarhora.vhd(21)
Info (10041): Inferred latch for "salidaMIN[21]" at fijarhora.vhd(21)
Info (10041): Inferred latch for "salidaMIN[22]" at fijarhora.vhd(21)
Info (10041): Inferred latch for "salidaMIN[23]" at fijarhora.vhd(21)
Info (10041): Inferred latch for "salidaMIN[24]" at fijarhora.vhd(21)
Info (10041): Inferred latch for "salidaMIN[25]" at fijarhora.vhd(21)
Info (10041): Inferred latch for "salidaMIN[26]" at fijarhora.vhd(21)
Info (10041): Inferred latch for "salidaMIN[27]" at fijarhora.vhd(21)
Info (10041): Inferred latch for "salidaMIN[28]" at fijarhora.vhd(21)
Info (10041): Inferred latch for "salidaMIN[29]" at fijarhora.vhd(21)
Info (10041): Inferred latch for "salidaMIN[30]" at fijarhora.vhd(21)
Info (10041): Inferred latch for "salidaMIN[31]" at fijarhora.vhd(21)
Warning (12125): Using design file fijarhora2.vhd, which is not specified as a design file for the current project, but contains definitions for 2 design units and 1 entities in project
    Info (12022): Found design unit 1: fijarHora2-Beh
    Info (12023): Found entity 1: fijarHora2
Info (12128): Elaborating entity "fijarHora2" for hierarchy "relojFUNC:U1|relojFUNCIONA:U0|fijarHora2:U2"
Warning (10492): VHDL Process Statement warning at fijarhora2.vhd(26): signal "contadorHOR" is read inside the Process Statement but isn't in the Process Statement's sensitivity list
Warning (10492): VHDL Process Statement warning at fijarhora2.vhd(32): signal "contadorHOR" is read inside the Process Statement but isn't in the Process Statement's sensitivity list
Warning (10492): VHDL Process Statement warning at fijarhora2.vhd(34): signal "contadorHOR" is read inside the Process Statement but isn't in the Process Statement's sensitivity list
Warning (10631): VHDL Process Statement warning at fijarhora2.vhd(21): inferring latch(es) for signal or variable "salidaHOR", which holds its previous value in one or more paths through the process
Info (10041): Inferred latch for "salidaHOR[0]" at fijarhora2.vhd(21)
Info (10041): Inferred latch for "salidaHOR[1]" at fijarhora2.vhd(21)
Info (10041): Inferred latch for "salidaHOR[2]" at fijarhora2.vhd(21)
Info (10041): Inferred latch for "salidaHOR[3]" at fijarhora2.vhd(21)
Info (10041): Inferred latch for "salidaHOR[4]" at fijarhora2.vhd(21)
Info (10041): Inferred latch for "salidaHOR[5]" at fijarhora2.vhd(21)
Info (10041): Inferred latch for "salidaHOR[6]" at fijarhora2.vhd(21)
Info (10041): Inferred latch for "salidaHOR[7]" at fijarhora2.vhd(21)
Info (10041): Inferred latch for "salidaHOR[8]" at fijarhora2.vhd(21)
Info (10041): Inferred latch for "salidaHOR[9]" at fijarhora2.vhd(21)
Info (10041): Inferred latch for "salidaHOR[10]" at fijarhora2.vhd(21)
Info (10041): Inferred latch for "salidaHOR[11]" at fijarhora2.vhd(21)
Info (10041): Inferred latch for "salidaHOR[12]" at fijarhora2.vhd(21)
Info (10041): Inferred latch for "salidaHOR[13]" at fijarhora2.vhd(21)
Info (10041): Inferred latch for "salidaHOR[14]" at fijarhora2.vhd(21)
Info (10041): Inferred latch for "salidaHOR[15]" at fijarhora2.vhd(21)
Info (10041): Inferred latch for "salidaHOR[16]" at fijarhora2.vhd(21)
Info (10041): Inferred latch for "salidaHOR[17]" at fijarhora2.vhd(21)
Info (10041): Inferred latch for "salidaHOR[18]" at fijarhora2.vhd(21)
Info (10041): Inferred latch for "salidaHOR[19]" at fijarhora2.vhd(21)
Info (10041): Inferred latch for "salidaHOR[20]" at fijarhora2.vhd(21)
Info (10041): Inferred latch for "salidaHOR[21]" at fijarhora2.vhd(21)
Info (10041): Inferred latch for "salidaHOR[22]" at fijarhora2.vhd(21)
Info (10041): Inferred latch for "salidaHOR[23]" at fijarhora2.vhd(21)
Info (10041): Inferred latch for "salidaHOR[24]" at fijarhora2.vhd(21)
Info (10041): Inferred latch for "salidaHOR[25]" at fijarhora2.vhd(21)
Info (10041): Inferred latch for "salidaHOR[26]" at fijarhora2.vhd(21)
Info (10041): Inferred latch for "salidaHOR[27]" at fijarhora2.vhd(21)
Info (10041): Inferred latch for "salidaHOR[28]" at fijarhora2.vhd(21)
Info (10041): Inferred latch for "salidaHOR[29]" at fijarhora2.vhd(21)
Info (10041): Inferred latch for "salidaHOR[30]" at fijarhora2.vhd(21)
Info (10041): Inferred latch for "salidaHOR[31]" at fijarhora2.vhd(21)
Warning (12125): Using design file bcd7segmin.vhd, which is not specified as a design file for the current project, but contains definitions for 2 design units and 1 entities in project
    Info (12022): Found design unit 1: bcd7SEGMIN-Beh
    Info (12023): Found entity 1: bcd7SEGMIN
Info (12128): Elaborating entity "bcd7SEGMIN" for hierarchy "relojFUNC:U1|bcd7SEGMIN:U1"
Warning (10492): VHDL Process Statement warning at bcd7segmin.vhd(25): signal "resta" is read inside the Process Statement but isn't in the Process Statement's sensitivity list
Warning (10492): VHDL Process Statement warning at bcd7segmin.vhd(53): signal "resta" is read inside the Process Statement but isn't in the Process Statement's sensitivity list
Warning (10492): VHDL Process Statement warning at bcd7segmin.vhd(81): signal "resta" is read inside the Process Statement but isn't in the Process Statement's sensitivity list
Warning (10492): VHDL Process Statement warning at bcd7segmin.vhd(109): signal "resta" is read inside the Process Statement but isn't in the Process Statement's sensitivity list
Warning (10492): VHDL Process Statement warning at bcd7segmin.vhd(137): signal "resta" is read inside the Process Statement but isn't in the Process Statement's sensitivity list
Warning (10492): VHDL Process Statement warning at bcd7segmin.vhd(165): signal "resta" is read inside the Process Statement but isn't in the Process Statement's sensitivity list
Warning (10631): VHDL Process Statement warning at bcd7segmin.vhd(19): inferring latch(es) for signal or variable "resta", which holds its previous value in one or more paths through the process
Info (10041): Inferred latch for "resta[0]" at bcd7segmin.vhd(19)
Info (10041): Inferred latch for "resta[1]" at bcd7segmin.vhd(19)
Info (10041): Inferred latch for "resta[2]" at bcd7segmin.vhd(19)
Info (10041): Inferred latch for "resta[3]" at bcd7segmin.vhd(19)
Info (10041): Inferred latch for "resta[4]" at bcd7segmin.vhd(19)
Info (10041): Inferred latch for "resta[5]" at bcd7segmin.vhd(19)
Info (10041): Inferred latch for "resta[6]" at bcd7segmin.vhd(19)
Info (10041): Inferred latch for "resta[7]" at bcd7segmin.vhd(19)
Info (10041): Inferred latch for "resta[8]" at bcd7segmin.vhd(19)
Info (10041): Inferred latch for "resta[9]" at bcd7segmin.vhd(19)
Info (10041): Inferred latch for "resta[10]" at bcd7segmin.vhd(19)
Info (10041): Inferred latch for "resta[11]" at bcd7segmin.vhd(19)
Info (10041): Inferred latch for "resta[12]" at bcd7segmin.vhd(19)
Info (10041): Inferred latch for "resta[13]" at bcd7segmin.vhd(19)
Info (10041): Inferred latch for "resta[14]" at bcd7segmin.vhd(19)
Info (10041): Inferred latch for "resta[15]" at bcd7segmin.vhd(19)
Info (10041): Inferred latch for "resta[16]" at bcd7segmin.vhd(19)
Info (10041): Inferred latch for "resta[17]" at bcd7segmin.vhd(19)
Info (10041): Inferred latch for "resta[18]" at bcd7segmin.vhd(19)
Info (10041): Inferred latch for "resta[19]" at bcd7segmin.vhd(19)
Info (10041): Inferred latch for "resta[20]" at bcd7segmin.vhd(19)
Info (10041): Inferred latch for "resta[21]" at bcd7segmin.vhd(19)
Info (10041): Inferred latch for "resta[22]" at bcd7segmin.vhd(19)
Info (10041): Inferred latch for "resta[23]" at bcd7segmin.vhd(19)
Info (10041): Inferred latch for "resta[24]" at bcd7segmin.vhd(19)
Info (10041): Inferred latch for "resta[25]" at bcd7segmin.vhd(19)
Info (10041): Inferred latch for "resta[26]" at bcd7segmin.vhd(19)
Info (10041): Inferred latch for "resta[27]" at bcd7segmin.vhd(19)
Info (10041): Inferred latch for "resta[28]" at bcd7segmin.vhd(19)
Info (10041): Inferred latch for "resta[29]" at bcd7segmin.vhd(19)
Info (10041): Inferred latch for "resta[30]" at bcd7segmin.vhd(19)
Info (10041): Inferred latch for "resta[31]" at bcd7segmin.vhd(19)
Warning (12125): Using design file bcd7seghor.vhd, which is not specified as a design file for the current project, but contains definitions for 2 design units and 1 entities in project
    Info (12022): Found design unit 1: bcd7SEGHOR-Beh
    Info (12023): Found entity 1: bcd7SEGHOR
Info (12128): Elaborating entity "bcd7SEGHOR" for hierarchy "relojFUNC:U1|bcd7SEGHOR:U2"
Warning (10492): VHDL Process Statement warning at bcd7seghor.vhd(25): signal "resta" is read inside the Process Statement but isn't in the Process Statement's sensitivity list
Warning (10492): VHDL Process Statement warning at bcd7seghor.vhd(53): signal "resta" is read inside the Process Statement but isn't in the Process Statement's sensitivity list
Warning (10492): VHDL Process Statement warning at bcd7seghor.vhd(81): signal "resta" is read inside the Process Statement but isn't in the Process Statement's sensitivity list
Warning (10631): VHDL Process Statement warning at bcd7seghor.vhd(19): inferring latch(es) for signal or variable "resta", which holds its previous value in one or more paths through the process
Info (10041): Inferred latch for "resta[0]" at bcd7seghor.vhd(19)
Info (10041): Inferred latch for "resta[1]" at bcd7seghor.vhd(19)
Info (10041): Inferred latch for "resta[2]" at bcd7seghor.vhd(19)
Info (10041): Inferred latch for "resta[3]" at bcd7seghor.vhd(19)
Info (10041): Inferred latch for "resta[4]" at bcd7seghor.vhd(19)
Info (10041): Inferred latch for "resta[5]" at bcd7seghor.vhd(19)
Info (10041): Inferred latch for "resta[6]" at bcd7seghor.vhd(19)
Info (10041): Inferred latch for "resta[7]" at bcd7seghor.vhd(19)
Info (10041): Inferred latch for "resta[8]" at bcd7seghor.vhd(19)
Info (10041): Inferred latch for "resta[9]" at bcd7seghor.vhd(19)
Info (10041): Inferred latch for "resta[10]" at bcd7seghor.vhd(19)
Info (10041): Inferred latch for "resta[11]" at bcd7seghor.vhd(19)
Info (10041): Inferred latch for "resta[12]" at bcd7seghor.vhd(19)
Info (10041): Inferred latch for "resta[13]" at bcd7seghor.vhd(19)
Info (10041): Inferred latch for "resta[14]" at bcd7seghor.vhd(19)
Info (10041): Inferred latch for "resta[15]" at bcd7seghor.vhd(19)
Info (10041): Inferred latch for "resta[16]" at bcd7seghor.vhd(19)
Info (10041): Inferred latch for "resta[17]" at bcd7seghor.vhd(19)
Info (10041): Inferred latch for "resta[18]" at bcd7seghor.vhd(19)
Info (10041): Inferred latch for "resta[19]" at bcd7seghor.vhd(19)
Info (10041): Inferred latch for "resta[20]" at bcd7seghor.vhd(19)
Info (10041): Inferred latch for "resta[21]" at bcd7seghor.vhd(19)
Info (10041): Inferred latch for "resta[22]" at bcd7seghor.vhd(19)
Info (10041): Inferred latch for "resta[23]" at bcd7seghor.vhd(19)
Info (10041): Inferred latch for "resta[24]" at bcd7seghor.vhd(19)
Info (10041): Inferred latch for "resta[25]" at bcd7seghor.vhd(19)
Info (10041): Inferred latch for "resta[26]" at bcd7seghor.vhd(19)
Info (10041): Inferred latch for "resta[27]" at bcd7seghor.vhd(19)
Info (10041): Inferred latch for "resta[28]" at bcd7seghor.vhd(19)
Info (10041): Inferred latch for "resta[29]" at bcd7seghor.vhd(19)
Info (10041): Inferred latch for "resta[30]" at bcd7seghor.vhd(19)
Info (10041): Inferred latch for "resta[31]" at bcd7seghor.vhd(19)
Warning (13012): Latch relojFUNC:U1|relojFUNCIONA:U0|fijarHora2:U2|salidaHOR[3] has unsafe behavior
    Warning (13013): Ports D and ENA on the latch are fed by the same signal relojFUNC:U1|relojFUNCIONA:U0|fijarHora2:U2|contadorHOR[3]
Warning (13012): Latch relojFUNC:U1|relojFUNCIONA:U0|fijarHora2:U2|salidaHOR[2] has unsafe behavior
    Warning (13013): Ports D and ENA on the latch are fed by the same signal relojFUNC:U1|relojFUNCIONA:U0|fijarHora2:U2|contadorHOR[2]
Warning (13012): Latch relojFUNC:U1|relojFUNCIONA:U0|fijarHora2:U2|salidaHOR[1] has unsafe behavior
    Warning (13013): Ports D and ENA on the latch are fed by the same signal relojFUNC:U1|relojFUNCIONA:U0|fijarHora2:U2|contadorHOR[1]
Warning (13012): Latch relojFUNC:U1|relojFUNCIONA:U0|fijarHora2:U2|salidaHOR[0] has unsafe behavior
    Warning (13013): Ports D and ENA on the latch are fed by the same signal relojFUNC:U1|relojFUNCIONA:U0|fijarHora2:U2|contadorHOR[0]
Warning (13012): Latch relojFUNC:U1|relojFUNCIONA:U0|fijarHora2:U2|salidaHOR[4] has unsafe behavior
    Warning (13013): Ports D and ENA on the latch are fed by the same signal relojFUNC:U1|relojFUNCIONA:U0|fijarHora2:U2|contadorHOR[4]
Warning (13012): Latch relojFUNC:U1|relojFUNCIONA:U0|fijarHora2:U2|salidaHOR[5] has unsafe behavior
    Warning (13013): Ports D and ENA on the latch are fed by the same signal relojFUNC:U1|relojFUNCIONA:U0|fijarHora2:U2|contadorHOR[5]
Warning (13012): Latch relojFUNC:U1|relojFUNCIONA:U0|fijarHora2:U2|salidaHOR[6] has unsafe behavior
    Warning (13013): Ports D and ENA on the latch are fed by the same signal relojFUNC:U1|relojFUNCIONA:U0|fijarHora2:U2|contadorHOR[6]
Warning (13012): Latch relojFUNC:U1|relojFUNCIONA:U0|fijarHora2:U2|salidaHOR[7] has unsafe behavior
    Warning (13013): Ports D and ENA on the latch are fed by the same signal relojFUNC:U1|relojFUNCIONA:U0|fijarHora2:U2|contadorHOR[7]
Warning (13012): Latch relojFUNC:U1|relojFUNCIONA:U0|fijarHora2:U2|salidaHOR[8] has unsafe behavior
    Warning (13013): Ports D and ENA on the latch are fed by the same signal relojFUNC:U1|relojFUNCIONA:U0|fijarHora2:U2|contadorHOR[8]
Warning (13012): Latch relojFUNC:U1|relojFUNCIONA:U0|fijarHora2:U2|salidaHOR[9] has unsafe behavior
    Warning (13013): Ports D and ENA on the latch are fed by the same signal relojFUNC:U1|relojFUNCIONA:U0|fijarHora2:U2|contadorHOR[9]
Warning (13012): Latch relojFUNC:U1|relojFUNCIONA:U0|fijarHora2:U2|salidaHOR[10] has unsafe behavior
    Warning (13013): Ports D and ENA on the latch are fed by the same signal relojFUNC:U1|relojFUNCIONA:U0|fijarHora2:U2|contadorHOR[10]
Warning (13012): Latch relojFUNC:U1|relojFUNCIONA:U0|fijarHora2:U2|salidaHOR[11] has unsafe behavior
    Warning (13013): Ports D and ENA on the latch are fed by the same signal relojFUNC:U1|relojFUNCIONA:U0|fijarHora2:U2|contadorHOR[11]
Warning (13012): Latch relojFUNC:U1|relojFUNCIONA:U0|fijarHora2:U2|salidaHOR[12] has unsafe behavior
    Warning (13013): Ports D and ENA on the latch are fed by the same signal relojFUNC:U1|relojFUNCIONA:U0|fijarHora2:U2|contadorHOR[12]
Warning (13012): Latch relojFUNC:U1|relojFUNCIONA:U0|fijarHora2:U2|salidaHOR[13] has unsafe behavior
    Warning (13013): Ports D and ENA on the latch are fed by the same signal relojFUNC:U1|relojFUNCIONA:U0|fijarHora2:U2|contadorHOR[13]
Warning (13012): Latch relojFUNC:U1|relojFUNCIONA:U0|fijarHora2:U2|salidaHOR[14] has unsafe behavior
    Warning (13013): Ports D and ENA on the latch are fed by the same signal relojFUNC:U1|relojFUNCIONA:U0|fijarHora2:U2|contadorHOR[14]
Warning (13012): Latch relojFUNC:U1|relojFUNCIONA:U0|fijarHora2:U2|salidaHOR[15] has unsafe behavior
    Warning (13013): Ports D and ENA on the latch are fed by the same signal relojFUNC:U1|relojFUNCIONA:U0|fijarHora2:U2|contadorHOR[15]
Warning (13012): Latch relojFUNC:U1|relojFUNCIONA:U0|fijarHora2:U2|salidaHOR[16] has unsafe behavior
    Warning (13013): Ports D and ENA on the latch are fed by the same signal relojFUNC:U1|relojFUNCIONA:U0|fijarHora2:U2|contadorHOR[16]
Warning (13012): Latch relojFUNC:U1|relojFUNCIONA:U0|fijarHora2:U2|salidaHOR[17] has unsafe behavior
    Warning (13013): Ports D and ENA on the latch are fed by the same signal relojFUNC:U1|relojFUNCIONA:U0|fijarHora2:U2|contadorHOR[17]
Warning (13012): Latch relojFUNC:U1|relojFUNCIONA:U0|fijarHora2:U2|salidaHOR[18] has unsafe behavior
    Warning (13013): Ports D and ENA on the latch are fed by the same signal relojFUNC:U1|relojFUNCIONA:U0|fijarHora2:U2|contadorHOR[18]
Warning (13012): Latch relojFUNC:U1|relojFUNCIONA:U0|fijarHora2:U2|salidaHOR[19] has unsafe behavior
    Warning (13013): Ports D and ENA on the latch are fed by the same signal relojFUNC:U1|relojFUNCIONA:U0|fijarHora2:U2|contadorHOR[19]
Warning (13012): Latch relojFUNC:U1|relojFUNCIONA:U0|fijarHora2:U2|salidaHOR[20] has unsafe behavior
    Warning (13013): Ports D and ENA on the latch are fed by the same signal relojFUNC:U1|relojFUNCIONA:U0|fijarHora2:U2|contadorHOR[20]
Warning (13012): Latch relojFUNC:U1|relojFUNCIONA:U0|fijarHora2:U2|salidaHOR[21] has unsafe behavior
    Warning (13013): Ports D and ENA on the latch are fed by the same signal relojFUNC:U1|relojFUNCIONA:U0|fijarHora2:U2|contadorHOR[21]
Warning (13012): Latch relojFUNC:U1|relojFUNCIONA:U0|fijarHora2:U2|salidaHOR[22] has unsafe behavior
    Warning (13013): Ports D and ENA on the latch are fed by the same signal relojFUNC:U1|relojFUNCIONA:U0|fijarHora2:U2|contadorHOR[22]
Warning (13012): Latch relojFUNC:U1|relojFUNCIONA:U0|fijarHora2:U2|salidaHOR[23] has unsafe behavior
    Warning (13013): Ports D and ENA on the latch are fed by the same signal relojFUNC:U1|relojFUNCIONA:U0|fijarHora2:U2|contadorHOR[23]
Warning (13012): Latch relojFUNC:U1|relojFUNCIONA:U0|fijarHora2:U2|salidaHOR[24] has unsafe behavior
    Warning (13013): Ports D and ENA on the latch are fed by the same signal relojFUNC:U1|relojFUNCIONA:U0|fijarHora2:U2|contadorHOR[24]
Warning (13012): Latch relojFUNC:U1|relojFUNCIONA:U0|fijarHora2:U2|salidaHOR[25] has unsafe behavior
    Warning (13013): Ports D and ENA on the latch are fed by the same signal relojFUNC:U1|relojFUNCIONA:U0|fijarHora2:U2|contadorHOR[25]
Warning (13012): Latch relojFUNC:U1|relojFUNCIONA:U0|fijarHora2:U2|salidaHOR[26] has unsafe behavior
    Warning (13013): Ports D and ENA on the latch are fed by the same signal relojFUNC:U1|relojFUNCIONA:U0|fijarHora2:U2|contadorHOR[26]
Warning (13012): Latch relojFUNC:U1|relojFUNCIONA:U0|fijarHora2:U2|salidaHOR[27] has unsafe behavior
    Warning (13013): Ports D and ENA on the latch are fed by the same signal relojFUNC:U1|relojFUNCIONA:U0|fijarHora2:U2|contadorHOR[27]
Warning (13012): Latch relojFUNC:U1|relojFUNCIONA:U0|fijarHora2:U2|salidaHOR[28] has unsafe behavior
    Warning (13013): Ports D and ENA on the latch are fed by the same signal relojFUNC:U1|relojFUNCIONA:U0|fijarHora2:U2|contadorHOR[28]
Warning (13012): Latch relojFUNC:U1|relojFUNCIONA:U0|fijarHora2:U2|salidaHOR[29] has unsafe behavior
    Warning (13013): Ports D and ENA on the latch are fed by the same signal relojFUNC:U1|relojFUNCIONA:U0|fijarHora2:U2|contadorHOR[29]
Warning (13012): Latch relojFUNC:U1|relojFUNCIONA:U0|fijarHora2:U2|salidaHOR[30] has unsafe behavior
    Warning (13013): Ports D and ENA on the latch are fed by the same signal relojFUNC:U1|relojFUNCIONA:U0|fijarHora2:U2|contadorHOR[30]
Warning (13012): Latch relojFUNC:U1|relojFUNCIONA:U0|fijarHora2:U2|salidaHOR[31] has unsafe behavior
    Warning (13013): Ports D and ENA on the latch are fed by the same signal relojFUNC:U1|relojFUNCIONA:U0|fijarHora2:U2|contadorHOR[31]
Warning (13012): Latch relojFUNC:U1|bcd7SEGHOR:U2|resta[7] has unsafe behavior
    Warning (13013): Ports D and ENA on the latch are fed by the same signal nRESETEOf
Warning (13012): Latch relojFUNC:U1|bcd7SEGHOR:U2|resta[6] has unsafe behavior
    Warning (13013): Ports D and ENA on the latch are fed by the same signal nRESETEOf
Warning (13012): Latch relojFUNC:U1|bcd7SEGHOR:U2|resta[5] has unsafe behavior
    Warning (13013): Ports D and ENA on the latch are fed by the same signal nRESETEOf
Warning (13012): Latch relojFUNC:U1|bcd7SEGHOR:U2|resta[4] has unsafe behavior
    Warning (13013): Ports D and ENA on the latch are fed by the same signal nRESETEOf
Warning (13012): Latch relojFUNC:U1|bcd7SEGHOR:U2|resta[3] has unsafe behavior
    Warning (13013): Ports D and ENA on the latch are fed by the same signal nRESETEOf
Warning (13012): Latch relojFUNC:U1|bcd7SEGHOR:U2|resta[2] has unsafe behavior
    Warning (13013): Ports D and ENA on the latch are fed by the same signal nRESETEOf
Warning (13012): Latch relojFUNC:U1|bcd7SEGHOR:U2|resta[1] has unsafe behavior
    Warning (13013): Ports D and ENA on the latch are fed by the same signal nRESETEOf
Warning (13012): Latch relojFUNC:U1|bcd7SEGHOR:U2|resta[0] has unsafe behavior
    Warning (13013): Ports D and ENA on the latch are fed by the same signal entradaOPf
Warning (13012): Latch relojFUNC:U1|bcd7SEGHOR:U2|resta[9] has unsafe behavior
    Warning (13013): Ports D and ENA on the latch are fed by the same signal nRESETEOf
Warning (13012): Latch relojFUNC:U1|bcd7SEGHOR:U2|resta[10] has unsafe behavior
    Warning (13013): Ports D and ENA on the latch are fed by the same signal nRESETEOf
Warning (13012): Latch relojFUNC:U1|bcd7SEGHOR:U2|resta[11] has unsafe behavior
    Warning (13013): Ports D and ENA on the latch are fed by the same signal nRESETEOf
Warning (13012): Latch relojFUNC:U1|bcd7SEGHOR:U2|resta[12] has unsafe behavior
    Warning (13013): Ports D and ENA on the latch are fed by the same signal nRESETEOf
Warning (13012): Latch relojFUNC:U1|bcd7SEGHOR:U2|resta[13] has unsafe behavior
    Warning (13013): Ports D and ENA on the latch are fed by the same signal nRESETEOf
Warning (13012): Latch relojFUNC:U1|bcd7SEGHOR:U2|resta[14] has unsafe behavior
    Warning (13013): Ports D and ENA on the latch are fed by the same signal nRESETEOf
Warning (13012): Latch relojFUNC:U1|bcd7SEGHOR:U2|resta[15] has unsafe behavior
    Warning (13013): Ports D and ENA on the latch are fed by the same signal nRESETEOf
Warning (13012): Latch relojFUNC:U1|bcd7SEGHOR:U2|resta[16] has unsafe behavior
    Warning (13013): Ports D and ENA on the latch are fed by the same signal nRESETEOf
Warning (13012): Latch relojFUNC:U1|bcd7SEGHOR:U2|resta[17] has unsafe behavior
    Warning (13013): Ports D and ENA on the latch are fed by the same signal nRESETEOf
Warning (13012): Latch relojFUNC:U1|bcd7SEGHOR:U2|resta[18] has unsafe behavior
    Warning (13013): Ports D and ENA on the latch are fed by the same signal nRESETEOf
Warning (13012): Latch relojFUNC:U1|bcd7SEGHOR:U2|resta[19] has unsafe behavior
    Warning (13013): Ports D and ENA on the latch are fed by the same signal nRESETEOf
Warning (13012): Latch relojFUNC:U1|bcd7SEGHOR:U2|resta[20] has unsafe behavior
    Warning (13013): Ports D and ENA on the latch are fed by the same signal nRESETEOf
Warning (13012): Latch relojFUNC:U1|bcd7SEGHOR:U2|resta[21] has unsafe behavior
    Warning (13013): Ports D and ENA on the latch are fed by the same signal nRESETEOf
Warning (13012): Latch relojFUNC:U1|bcd7SEGHOR:U2|resta[22] has unsafe behavior
    Warning (13013): Ports D and ENA on the latch are fed by the same signal nRESETEOf
Warning (13012): Latch relojFUNC:U1|bcd7SEGHOR:U2|resta[23] has unsafe behavior
    Warning (13013): Ports D and ENA on the latch are fed by the same signal nRESETEOf
Warning (13012): Latch relojFUNC:U1|bcd7SEGHOR:U2|resta[24] has unsafe behavior
    Warning (13013): Ports D and ENA on the latch are fed by the same signal nRESETEOf
Warning (13012): Latch relojFUNC:U1|bcd7SEGHOR:U2|resta[25] has unsafe behavior
    Warning (13013): Ports D and ENA on the latch are fed by the same signal nRESETEOf
Warning (13012): Latch relojFUNC:U1|bcd7SEGHOR:U2|resta[26] has unsafe behavior
    Warning (13013): Ports D and ENA on the latch are fed by the same signal nRESETEOf
Warning (13012): Latch relojFUNC:U1|bcd7SEGHOR:U2|resta[27] has unsafe behavior
    Warning (13013): Ports D and ENA on the latch are fed by the same signal nRESETEOf
Warning (13012): Latch relojFUNC:U1|bcd7SEGHOR:U2|resta[28] has unsafe behavior
    Warning (13013): Ports D and ENA on the latch are fed by the same signal nRESETEOf
Warning (13012): Latch relojFUNC:U1|bcd7SEGHOR:U2|resta[29] has unsafe behavior
    Warning (13013): Ports D and ENA on the latch are fed by the same signal nRESETEOf
Warning (13012): Latch relojFUNC:U1|bcd7SEGHOR:U2|resta[30] has unsafe behavior
    Warning (13013): Ports D and ENA on the latch are fed by the same signal nRESETEOf
Warning (13012): Latch relojFUNC:U1|bcd7SEGHOR:U2|resta[31] has unsafe behavior
    Warning (13013): Ports D and ENA on the latch are fed by the same signal nRESETEOf
Warning (13012): Latch relojFUNC:U1|bcd7SEGHOR:U2|resta[8] has unsafe behavior
    Warning (13013): Ports D and ENA on the latch are fed by the same signal nRESETEOf
Warning (13012): Latch relojFUNC:U1|relojFUNCIONA:U0|fijarHora:U1|salidaMIN[2] has unsafe behavior
    Warning (13013): Ports D and ENA on the latch are fed by the same signal relojFUNC:U1|relojFUNCIONA:U0|fijarHora:U1|contadorMIN[2]
Warning (13012): Latch relojFUNC:U1|relojFUNCIONA:U0|fijarHora:U1|salidaMIN[1] has unsafe behavior
    Warning (13013): Ports D and ENA on the latch are fed by the same signal relojFUNC:U1|relojFUNCIONA:U0|fijarHora:U1|contadorMIN[1]
Warning (13012): Latch relojFUNC:U1|relojFUNCIONA:U0|fijarHora:U1|salidaMIN[0] has unsafe behavior
    Warning (13013): Ports D and ENA on the latch are fed by the same signal relojFUNC:U1|relojFUNCIONA:U0|fijarHora:U1|contadorMIN[0]
Warning (13012): Latch relojFUNC:U1|relojFUNCIONA:U0|fijarHora:U1|salidaMIN[3] has unsafe behavior
    Warning (13013): Ports D and ENA on the latch are fed by the same signal relojFUNC:U1|relojFUNCIONA:U0|fijarHora:U1|contadorMIN[3]
Warning (13012): Latch relojFUNC:U1|relojFUNCIONA:U0|fijarHora:U1|salidaMIN[4] has unsafe behavior
    Warning (13013): Ports D and ENA on the latch are fed by the same signal relojFUNC:U1|relojFUNCIONA:U0|fijarHora:U1|contadorMIN[4]
Warning (13012): Latch relojFUNC:U1|relojFUNCIONA:U0|fijarHora:U1|salidaMIN[5] has unsafe behavior
    Warning (13013): Ports D and ENA on the latch are fed by the same signal relojFUNC:U1|relojFUNCIONA:U0|fijarHora:U1|contadorMIN[5]
Warning (13012): Latch relojFUNC:U1|relojFUNCIONA:U0|fijarHora:U1|salidaMIN[6] has unsafe behavior
    Warning (13013): Ports D and ENA on the latch are fed by the same signal relojFUNC:U1|relojFUNCIONA:U0|fijarHora:U1|contadorMIN[6]
Warning (13012): Latch relojFUNC:U1|relojFUNCIONA:U0|fijarHora:U1|salidaMIN[7] has unsafe behavior
    Warning (13013): Ports D and ENA on the latch are fed by the same signal relojFUNC:U1|relojFUNCIONA:U0|fijarHora:U1|contadorMIN[7]
Warning (13012): Latch relojFUNC:U1|relojFUNCIONA:U0|fijarHora:U1|salidaMIN[8] has unsafe behavior
    Warning (13013): Ports D and ENA on the latch are fed by the same signal relojFUNC:U1|relojFUNCIONA:U0|fijarHora:U1|contadorMIN[8]
Warning (13012): Latch relojFUNC:U1|relojFUNCIONA:U0|fijarHora:U1|salidaMIN[9] has unsafe behavior
    Warning (13013): Ports D and ENA on the latch are fed by the same signal relojFUNC:U1|relojFUNCIONA:U0|fijarHora:U1|contadorMIN[9]
Warning (13012): Latch relojFUNC:U1|relojFUNCIONA:U0|fijarHora:U1|salidaMIN[10] has unsafe behavior
    Warning (13013): Ports D and ENA on the latch are fed by the same signal relojFUNC:U1|relojFUNCIONA:U0|fijarHora:U1|contadorMIN[10]
Warning (13012): Latch relojFUNC:U1|relojFUNCIONA:U0|fijarHora:U1|salidaMIN[11] has unsafe behavior
    Warning (13013): Ports D and ENA on the latch are fed by the same signal relojFUNC:U1|relojFUNCIONA:U0|fijarHora:U1|contadorMIN[11]
Warning (13012): Latch relojFUNC:U1|relojFUNCIONA:U0|fijarHora:U1|salidaMIN[12] has unsafe behavior
    Warning (13013): Ports D and ENA on the latch are fed by the same signal relojFUNC:U1|relojFUNCIONA:U0|fijarHora:U1|contadorMIN[12]
Warning (13012): Latch relojFUNC:U1|relojFUNCIONA:U0|fijarHora:U1|salidaMIN[13] has unsafe behavior
    Warning (13013): Ports D and ENA on the latch are fed by the same signal relojFUNC:U1|relojFUNCIONA:U0|fijarHora:U1|contadorMIN[13]
Warning (13012): Latch relojFUNC:U1|relojFUNCIONA:U0|fijarHora:U1|salidaMIN[14] has unsafe behavior
    Warning (13013): Ports D and ENA on the latch are fed by the same signal relojFUNC:U1|relojFUNCIONA:U0|fijarHora:U1|contadorMIN[14]
Warning (13012): Latch relojFUNC:U1|relojFUNCIONA:U0|fijarHora:U1|salidaMIN[15] has unsafe behavior
    Warning (13013): Ports D and ENA on the latch are fed by the same signal relojFUNC:U1|relojFUNCIONA:U0|fijarHora:U1|contadorMIN[15]
Warning (13012): Latch relojFUNC:U1|relojFUNCIONA:U0|fijarHora:U1|salidaMIN[16] has unsafe behavior
    Warning (13013): Ports D and ENA on the latch are fed by the same signal relojFUNC:U1|relojFUNCIONA:U0|fijarHora:U1|contadorMIN[16]
Warning (13012): Latch relojFUNC:U1|relojFUNCIONA:U0|fijarHora:U1|salidaMIN[17] has unsafe behavior
    Warning (13013): Ports D and ENA on the latch are fed by the same signal relojFUNC:U1|relojFUNCIONA:U0|fijarHora:U1|contadorMIN[17]
Warning (13012): Latch relojFUNC:U1|relojFUNCIONA:U0|fijarHora:U1|salidaMIN[18] has unsafe behavior
    Warning (13013): Ports D and ENA on the latch are fed by the same signal relojFUNC:U1|relojFUNCIONA:U0|fijarHora:U1|contadorMIN[18]
Warning (13012): Latch relojFUNC:U1|relojFUNCIONA:U0|fijarHora:U1|salidaMIN[19] has unsafe behavior
    Warning (13013): Ports D and ENA on the latch are fed by the same signal relojFUNC:U1|relojFUNCIONA:U0|fijarHora:U1|contadorMIN[19]
Warning (13012): Latch relojFUNC:U1|relojFUNCIONA:U0|fijarHora:U1|salidaMIN[20] has unsafe behavior
    Warning (13013): Ports D and ENA on the latch are fed by the same signal relojFUNC:U1|relojFUNCIONA:U0|fijarHora:U1|contadorMIN[20]
Warning (13012): Latch relojFUNC:U1|relojFUNCIONA:U0|fijarHora:U1|salidaMIN[21] has unsafe behavior
    Warning (13013): Ports D and ENA on the latch are fed by the same signal relojFUNC:U1|relojFUNCIONA:U0|fijarHora:U1|contadorMIN[21]
Warning (13012): Latch relojFUNC:U1|relojFUNCIONA:U0|fijarHora:U1|salidaMIN[22] has unsafe behavior
    Warning (13013): Ports D and ENA on the latch are fed by the same signal relojFUNC:U1|relojFUNCIONA:U0|fijarHora:U1|contadorMIN[22]
Warning (13012): Latch relojFUNC:U1|relojFUNCIONA:U0|fijarHora:U1|salidaMIN[23] has unsafe behavior
    Warning (13013): Ports D and ENA on the latch are fed by the same signal relojFUNC:U1|relojFUNCIONA:U0|fijarHora:U1|contadorMIN[23]
Warning (13012): Latch relojFUNC:U1|relojFUNCIONA:U0|fijarHora:U1|salidaMIN[24] has unsafe behavior
    Warning (13013): Ports D and ENA on the latch are fed by the same signal relojFUNC:U1|relojFUNCIONA:U0|fijarHora:U1|contadorMIN[24]
Warning (13012): Latch relojFUNC:U1|relojFUNCIONA:U0|fijarHora:U1|salidaMIN[25] has unsafe behavior
    Warning (13013): Ports D and ENA on the latch are fed by the same signal relojFUNC:U1|relojFUNCIONA:U0|fijarHora:U1|contadorMIN[25]
Warning (13012): Latch relojFUNC:U1|relojFUNCIONA:U0|fijarHora:U1|salidaMIN[26] has unsafe behavior
    Warning (13013): Ports D and ENA on the latch are fed by the same signal relojFUNC:U1|relojFUNCIONA:U0|fijarHora:U1|contadorMIN[26]
Warning (13012): Latch relojFUNC:U1|relojFUNCIONA:U0|fijarHora:U1|salidaMIN[27] has unsafe behavior
    Warning (13013): Ports D and ENA on the latch are fed by the same signal relojFUNC:U1|relojFUNCIONA:U0|fijarHora:U1|contadorMIN[27]
Warning (13012): Latch relojFUNC:U1|relojFUNCIONA:U0|fijarHora:U1|salidaMIN[28] has unsafe behavior
    Warning (13013): Ports D and ENA on the latch are fed by the same signal relojFUNC:U1|relojFUNCIONA:U0|fijarHora:U1|contadorMIN[28]
Warning (13012): Latch relojFUNC:U1|relojFUNCIONA:U0|fijarHora:U1|salidaMIN[29] has unsafe behavior
    Warning (13013): Ports D and ENA on the latch are fed by the same signal relojFUNC:U1|relojFUNCIONA:U0|fijarHora:U1|contadorMIN[29]
Warning (13012): Latch relojFUNC:U1|relojFUNCIONA:U0|fijarHora:U1|salidaMIN[30] has unsafe behavior
    Warning (13013): Ports D and ENA on the latch are fed by the same signal relojFUNC:U1|relojFUNCIONA:U0|fijarHora:U1|contadorMIN[30]
Warning (13012): Latch relojFUNC:U1|relojFUNCIONA:U0|fijarHora:U1|salidaMIN[31] has unsafe behavior
    Warning (13013): Ports D and ENA on the latch are fed by the same signal relojFUNC:U1|relojFUNCIONA:U0|fijarHora:U1|contadorMIN[31]
Warning (13012): Latch relojFUNC:U1|bcd7SEGMIN:U1|resta[11] has unsafe behavior
    Warning (13013): Ports D and ENA on the latch are fed by the same signal nRESETEOf
Warning (13012): Latch relojFUNC:U1|bcd7SEGMIN:U1|resta[10] has unsafe behavior
    Warning (13013): Ports D and ENA on the latch are fed by the same signal nRESETEOf
Warning (13012): Latch relojFUNC:U1|bcd7SEGMIN:U1|resta[9] has unsafe behavior
    Warning (13013): Ports D and ENA on the latch are fed by the same signal nRESETEOf
Warning (13012): Latch relojFUNC:U1|bcd7SEGMIN:U1|resta[8] has unsafe behavior
    Warning (13013): Ports D and ENA on the latch are fed by the same signal nRESETEOf
Warning (13012): Latch relojFUNC:U1|bcd7SEGMIN:U1|resta[7] has unsafe behavior
    Warning (13013): Ports D and ENA on the latch are fed by the same signal nRESETEOf
Warning (13012): Latch relojFUNC:U1|bcd7SEGMIN:U1|resta[6] has unsafe behavior
    Warning (13013): Ports D and ENA on the latch are fed by the same signal nRESETEOf
Warning (13012): Latch relojFUNC:U1|bcd7SEGMIN:U1|resta[5] has unsafe behavior
    Warning (13013): Ports D and ENA on the latch are fed by the same signal nRESETEOf
Warning (13012): Latch relojFUNC:U1|bcd7SEGMIN:U1|resta[4] has unsafe behavior
    Warning (13013): Ports D and ENA on the latch are fed by the same signal nRESETEOf
Warning (13012): Latch relojFUNC:U1|bcd7SEGMIN:U1|resta[3] has unsafe behavior
    Warning (13013): Ports D and ENA on the latch are fed by the same signal nRESETEOf
Warning (13012): Latch relojFUNC:U1|bcd7SEGMIN:U1|resta[2] has unsafe behavior
    Warning (13013): Ports D and ENA on the latch are fed by the same signal nRESETEOf
Warning (13012): Latch relojFUNC:U1|bcd7SEGMIN:U1|resta[1] has unsafe behavior
    Warning (13013): Ports D and ENA on the latch are fed by the same signal nRESETEOf
Warning (13012): Latch relojFUNC:U1|bcd7SEGMIN:U1|resta[0] has unsafe behavior
    Warning (13013): Ports D and ENA on the latch are fed by the same signal entradaOPf
Warning (13012): Latch relojFUNC:U1|bcd7SEGMIN:U1|resta[13] has unsafe behavior
    Warning (13013): Ports D and ENA on the latch are fed by the same signal nRESETEOf
Warning (13012): Latch relojFUNC:U1|bcd7SEGMIN:U1|resta[12] has unsafe behavior
    Warning (13013): Ports D and ENA on the latch are fed by the same signal nRESETEOf
Warning (13012): Latch relojFUNC:U1|bcd7SEGMIN:U1|resta[14] has unsafe behavior
    Warning (13013): Ports D and ENA on the latch are fed by the same signal nRESETEOf
Warning (13012): Latch relojFUNC:U1|bcd7SEGMIN:U1|resta[15] has unsafe behavior
    Warning (13013): Ports D and ENA on the latch are fed by the same signal nRESETEOf
Warning (13012): Latch relojFUNC:U1|bcd7SEGMIN:U1|resta[16] has unsafe behavior
    Warning (13013): Ports D and ENA on the latch are fed by the same signal nRESETEOf
Warning (13012): Latch relojFUNC:U1|bcd7SEGMIN:U1|resta[17] has unsafe behavior
    Warning (13013): Ports D and ENA on the latch are fed by the same signal nRESETEOf
Warning (13012): Latch relojFUNC:U1|bcd7SEGMIN:U1|resta[18] has unsafe behavior
    Warning (13013): Ports D and ENA on the latch are fed by the same signal nRESETEOf
Warning (13012): Latch relojFUNC:U1|bcd7SEGMIN:U1|resta[19] has unsafe behavior
    Warning (13013): Ports D and ENA on the latch are fed by the same signal nRESETEOf
Warning (13012): Latch relojFUNC:U1|bcd7SEGMIN:U1|resta[20] has unsafe behavior
    Warning (13013): Ports D and ENA on the latch are fed by the same signal nRESETEOf
Warning (13012): Latch relojFUNC:U1|bcd7SEGMIN:U1|resta[21] has unsafe behavior
    Warning (13013): Ports D and ENA on the latch are fed by the same signal nRESETEOf
Warning (13012): Latch relojFUNC:U1|bcd7SEGMIN:U1|resta[22] has unsafe behavior
    Warning (13013): Ports D and ENA on the latch are fed by the same signal nRESETEOf
Warning (13012): Latch relojFUNC:U1|bcd7SEGMIN:U1|resta[23] has unsafe behavior
    Warning (13013): Ports D and ENA on the latch are fed by the same signal nRESETEOf
Warning (13012): Latch relojFUNC:U1|bcd7SEGMIN:U1|resta[24] has unsafe behavior
    Warning (13013): Ports D and ENA on the latch are fed by the same signal nRESETEOf
Warning (13012): Latch relojFUNC:U1|bcd7SEGMIN:U1|resta[25] has unsafe behavior
    Warning (13013): Ports D and ENA on the latch are fed by the same signal nRESETEOf
Warning (13012): Latch relojFUNC:U1|bcd7SEGMIN:U1|resta[26] has unsafe behavior
    Warning (13013): Ports D and ENA on the latch are fed by the same signal nRESETEOf
Warning (13012): Latch relojFUNC:U1|bcd7SEGMIN:U1|resta[27] has unsafe behavior
    Warning (13013): Ports D and ENA on the latch are fed by the same signal nRESETEOf
Warning (13012): Latch relojFUNC:U1|bcd7SEGMIN:U1|resta[28] has unsafe behavior
    Warning (13013): Ports D and ENA on the latch are fed by the same signal nRESETEOf
Warning (13012): Latch relojFUNC:U1|bcd7SEGMIN:U1|resta[29] has unsafe behavior
    Warning (13013): Ports D and ENA on the latch are fed by the same signal nRESETEOf
Warning (13012): Latch relojFUNC:U1|bcd7SEGMIN:U1|resta[30] has unsafe behavior
    Warning (13013): Ports D and ENA on the latch are fed by the same signal nRESETEOf
Warning (13012): Latch relojFUNC:U1|bcd7SEGMIN:U1|resta[31] has unsafe behavior
    Warning (13013): Ports D and ENA on the latch are fed by the same signal nRESETEOf
Warning (13024): Output pins are stuck at VCC or GND
    Warning (13410): Pin "vgaRED[0]" is stuck at GND
    Warning (13410): Pin "vgaGREEN[0]" is stuck at GND
    Warning (13410): Pin "vgaBLANK" is stuck at VCC
    Warning (13410): Pin "vgaSYNC" is stuck at GND
Info (286030): Timing-Driven Synthesis is running
Info (16010): Generating hard_block partition "hard_block:auto_generated_inst"
    Info (16011): Adding 0 node(s), including 0 DDIO, 0 PLL, 0 transceiver and 0 LCELL
Info (21057): Implemented 1552 device resources after synthesis - the final resource count might be different
    Info (21058): Implemented 6 input pins
    Info (21059): Implemented 29 output pins
    Info (21061): Implemented 1517 logic cells
Info: Quartus II 64-Bit Analysis & Synthesis was successful. 0 errors, 300 warnings
    Info: Peak virtual memory: 4636 megabytes
    Info: Processing ended: Sun Dec 08 16:42:18 2019
    Info: Elapsed time: 00:00:50
    Info: Total CPU time (on all processors): 00:00:09


