Analysis & Synthesis report for Master
Thu Oct 24 08:39:35 2019
Quartus Prime Version 18.0.0 Build 614 04/24/2018 SJ Lite Edition


---------------------
; Table of Contents ;
---------------------
  1. Legal Notice
  2. Analysis & Synthesis Summary
  3. Analysis & Synthesis Settings
  4. Parallel Compilation
  5. Analysis & Synthesis Source Files Read
  6. Analysis & Synthesis Resource Usage Summary
  7. Analysis & Synthesis Resource Utilization by Entity
  8. General Register Statistics
  9. Post-Synthesis Netlist Statistics for Top Partition
 10. Elapsed Time Per Partition
 11. Analysis & Synthesis Messages



----------------
; Legal Notice ;
----------------
Copyright (C) 2018  Intel Corporation. All rights reserved.
Your use of Intel Corporation's design tools, logic functions 
and other software and tools, and its AMPP partner logic 
functions, and any output files from any of the foregoing 
(including device programming or simulation files), and any 
associated documentation or information are expressly subject 
to the terms and conditions of the Intel Program License 
Subscription Agreement, the Intel Quartus Prime License Agreement,
the Intel FPGA IP License Agreement, or other applicable license
agreement, including, without limitation, that your use is for
the sole purpose of programming logic devices manufactured by
Intel and sold by Intel or its authorized distributors.  Please
refer to the applicable agreement for further details.



+----------------------------------------------------------------------------------+
; Analysis & Synthesis Summary                                                     ;
+------------------------------------+---------------------------------------------+
; Analysis & Synthesis Status        ; Successful - Thu Oct 24 08:39:35 2019       ;
; Quartus Prime Version              ; 18.0.0 Build 614 04/24/2018 SJ Lite Edition ;
; Revision Name                      ; Master                                      ;
; Top-level Entity Name              ; Master                                      ;
; Family                             ; Cyclone IV E                                ;
; Total logic elements               ; 310                                         ;
;     Total combinational functions  ; 310                                         ;
;     Dedicated logic registers      ; 124                                         ;
; Total registers                    ; 124                                         ;
; Total pins                         ; 61                                          ;
; Total virtual pins                 ; 0                                           ;
; Total memory bits                  ; 0                                           ;
; Embedded Multiplier 9-bit elements ; 0                                           ;
; Total PLLs                         ; 0                                           ;
+------------------------------------+---------------------------------------------+


+------------------------------------------------------------------------------------------------------------+
; Analysis & Synthesis Settings                                                                              ;
+------------------------------------------------------------------+--------------------+--------------------+
; Option                                                           ; Setting            ; Default Value      ;
+------------------------------------------------------------------+--------------------+--------------------+
; Device                                                           ; EP4CE115F29C7      ;                    ;
; Top-level entity name                                            ; Master             ; Master             ;
; Family name                                                      ; Cyclone IV E       ; Cyclone V          ;
; Use smart compilation                                            ; Off                ; Off                ;
; Enable parallel Assembler and Timing Analyzer during compilation ; On                 ; On                 ;
; Enable compact report table                                      ; Off                ; Off                ;
; Restructure Multiplexers                                         ; Auto               ; Auto               ;
; Create Debugging Nodes for IP Cores                              ; Off                ; Off                ;
; Preserve fewer node names                                        ; On                 ; On                 ;
; Intel FPGA IP Evaluation Mode                                    ; Enable             ; Enable             ;
; Verilog Version                                                  ; Verilog_2001       ; Verilog_2001       ;
; VHDL Version                                                     ; VHDL_1993          ; VHDL_1993          ;
; State Machine Processing                                         ; Auto               ; Auto               ;
; Safe State Machine                                               ; Off                ; Off                ;
; Extract Verilog State Machines                                   ; On                 ; On                 ;
; Extract VHDL State Machines                                      ; On                 ; On                 ;
; Ignore Verilog initial constructs                                ; Off                ; Off                ;
; Iteration limit for constant Verilog loops                       ; 5000               ; 5000               ;
; Iteration limit for non-constant Verilog loops                   ; 250                ; 250                ;
; Add Pass-Through Logic to Inferred RAMs                          ; On                 ; On                 ;
; Infer RAMs from Raw Logic                                        ; On                 ; On                 ;
; Parallel Synthesis                                               ; On                 ; On                 ;
; DSP Block Balancing                                              ; Auto               ; Auto               ;
; NOT Gate Push-Back                                               ; On                 ; On                 ;
; Power-Up Don't Care                                              ; On                 ; On                 ;
; Remove Redundant Logic Cells                                     ; Off                ; Off                ;
; Remove Duplicate Registers                                       ; On                 ; On                 ;
; Ignore CARRY Buffers                                             ; Off                ; Off                ;
; Ignore CASCADE Buffers                                           ; Off                ; Off                ;
; Ignore GLOBAL Buffers                                            ; Off                ; Off                ;
; Ignore ROW GLOBAL Buffers                                        ; Off                ; Off                ;
; Ignore LCELL Buffers                                             ; Off                ; Off                ;
; Ignore SOFT Buffers                                              ; On                 ; On                 ;
; Limit AHDL Integers to 32 Bits                                   ; Off                ; Off                ;
; Optimization Technique                                           ; Balanced           ; Balanced           ;
; Carry Chain Length                                               ; 70                 ; 70                 ;
; Auto Carry Chains                                                ; On                 ; On                 ;
; Auto Open-Drain Pins                                             ; On                 ; On                 ;
; Perform WYSIWYG Primitive Resynthesis                            ; Off                ; Off                ;
; Auto ROM Replacement                                             ; On                 ; On                 ;
; Auto RAM Replacement                                             ; On                 ; On                 ;
; Auto DSP Block Replacement                                       ; On                 ; On                 ;
; Auto Shift Register Replacement                                  ; Auto               ; Auto               ;
; Allow Shift Register Merging across Hierarchies                  ; Auto               ; Auto               ;
; Auto Clock Enable Replacement                                    ; On                 ; On                 ;
; Strict RAM Replacement                                           ; Off                ; Off                ;
; Allow Synchronous Control Signals                                ; On                 ; On                 ;
; Force Use of Synchronous Clear Signals                           ; Off                ; Off                ;
; Auto RAM Block Balancing                                         ; On                 ; On                 ;
; Auto RAM to Logic Cell Conversion                                ; Off                ; Off                ;
; Auto Resource Sharing                                            ; Off                ; Off                ;
; Allow Any RAM Size For Recognition                               ; Off                ; Off                ;
; Allow Any ROM Size For Recognition                               ; Off                ; Off                ;
; Allow Any Shift Register Size For Recognition                    ; Off                ; Off                ;
; Use LogicLock Constraints during Resource Balancing              ; On                 ; On                 ;
; Ignore translate_off and synthesis_off directives                ; Off                ; Off                ;
; Timing-Driven Synthesis                                          ; On                 ; On                 ;
; Report Parameter Settings                                        ; On                 ; On                 ;
; Report Source Assignments                                        ; On                 ; On                 ;
; Report Connectivity Checks                                       ; On                 ; On                 ;
; Ignore Maximum Fan-Out Assignments                               ; Off                ; Off                ;
; Synchronization Register Chain Length                            ; 2                  ; 2                  ;
; Power Optimization During Synthesis                              ; Normal compilation ; Normal compilation ;
; HDL message level                                                ; Level2             ; Level2             ;
; Suppress Register Optimization Related Messages                  ; Off                ; Off                ;
; Number of Removed Registers Reported in Synthesis Report         ; 5000               ; 5000               ;
; Number of Swept Nodes Reported in Synthesis Report               ; 5000               ; 5000               ;
; Number of Inverted Registers Reported in Synthesis Report        ; 100                ; 100                ;
; Clock MUX Protection                                             ; On                 ; On                 ;
; Auto Gated Clock Conversion                                      ; Off                ; Off                ;
; Block Design Naming                                              ; Auto               ; Auto               ;
; SDC constraint protection                                        ; Off                ; Off                ;
; Synthesis Effort                                                 ; Auto               ; Auto               ;
; Shift Register Replacement - Allow Asynchronous Clear Signal     ; On                 ; On                 ;
; Pre-Mapping Resynthesis Optimization                             ; Off                ; Off                ;
; Analysis & Synthesis Message Level                               ; Medium             ; Medium             ;
; Disable Register Merging Across Hierarchies                      ; Auto               ; Auto               ;
; Resource Aware Inference For Block RAM                           ; On                 ; On                 ;
+------------------------------------------------------------------+--------------------+--------------------+


+------------------------------------------+
; Parallel Compilation                     ;
+----------------------------+-------------+
; Processors                 ; Number      ;
+----------------------------+-------------+
; Number detected on machine ; 8           ;
; Maximum allowed            ; 4           ;
;                            ;             ;
; Average used               ; 1.00        ;
; Maximum used               ; 4           ;
;                            ;             ;
; Usage by Processor         ; % Time Used ;
;     Processor 1            ; 100.0%      ;
;     Processor 2            ;   0.0%      ;
;     Processors 3-4         ;   0.0%      ;
+----------------------------+-------------+


+---------------------------------------------------------------------------------------------------------------------------------------------------------------------------------------+
; Analysis & Synthesis Source Files Read                                                                                                                                                ;
+----------------------------------+-----------------+-----------------------+------------------------------------------------------------------------------------------------+---------+
; File Name with User-Entered Path ; Used in Netlist ; File Type             ; File Name with Absolute Path                                                                   ; Library ;
+----------------------------------+-----------------+-----------------------+------------------------------------------------------------------------------------------------+---------+
; master.vhd                       ; yes             ; Auto-Found VHDL File  ; C:/Users/OsmarBW/Documents/GitHub/Dig_Avanzados/ExamenParcial2P_Equipo5/Examen/master.vhd      ;         ;
; mux.vhd                          ; yes             ; Auto-Found VHDL File  ; C:/Users/OsmarBW/Documents/GitHub/Dig_Avanzados/ExamenParcial2P_Equipo5/Examen/mux.vhd         ;         ;
; div1hz.vhd                       ; yes             ; Auto-Found VHDL File  ; C:/Users/OsmarBW/Documents/GitHub/Dig_Avanzados/ExamenParcial2P_Equipo5/Examen/div1hz.vhd      ;         ;
; countmod6.vhd                    ; yes             ; Auto-Found VHDL File  ; C:/Users/OsmarBW/Documents/GitHub/Dig_Avanzados/ExamenParcial2P_Equipo5/Examen/countmod6.vhd   ;         ;
; deco.vhd                         ; yes             ; Auto-Found VHDL File  ; C:/Users/OsmarBW/Documents/GitHub/Dig_Avanzados/ExamenParcial2P_Equipo5/Examen/deco.vhd        ;         ;
; bcd_counter.vhd                  ; yes             ; Auto-Found VHDL File  ; C:/Users/OsmarBW/Documents/GitHub/Dig_Avanzados/ExamenParcial2P_Equipo5/Examen/bcd_counter.vhd ;         ;
; display.vhd                      ; yes             ; Auto-Found VHDL File  ; C:/Users/OsmarBW/Documents/GitHub/Dig_Avanzados/ExamenParcial2P_Equipo5/Examen/display.vhd     ;         ;
; segmentos7.vhd                   ; yes             ; Auto-Found VHDL File  ; C:/Users/OsmarBW/Documents/GitHub/Dig_Avanzados/ExamenParcial2P_Equipo5/Examen/segmentos7.vhd  ;         ;
+----------------------------------+-----------------+-----------------------+------------------------------------------------------------------------------------------------+---------+


+--------------------------------------------------------------+
; Analysis & Synthesis Resource Usage Summary                  ;
+---------------------------------------------+----------------+
; Resource                                    ; Usage          ;
+---------------------------------------------+----------------+
; Estimated Total logic elements              ; 310            ;
;                                             ;                ;
; Total combinational functions               ; 310            ;
; Logic element usage by number of LUT inputs ;                ;
;     -- 4 input functions                    ; 197            ;
;     -- 3 input functions                    ; 45             ;
;     -- <=2 input functions                  ; 68             ;
;                                             ;                ;
; Logic elements by mode                      ;                ;
;     -- normal mode                          ; 279            ;
;     -- arithmetic mode                      ; 31             ;
;                                             ;                ;
; Total registers                             ; 124            ;
;     -- Dedicated logic registers            ; 124            ;
;     -- I/O registers                        ; 0              ;
;                                             ;                ;
; I/O pins                                    ; 61             ;
;                                             ;                ;
; Embedded Multiplier 9-bit elements          ; 0              ;
;                                             ;                ;
; Maximum fan-out node                        ; Deco:U3|Mux1~0 ;
; Maximum fan-out                             ; 96             ;
; Total fan-out                               ; 1476           ;
; Average fan-out                             ; 2.65           ;
+---------------------------------------------+----------------+


+-----------------------------------------------------------------------------------------------------------------------------------------------------------------------------------------------------------------------+
; Analysis & Synthesis Resource Utilization by Entity                                                                                                                                                                   ;
+----------------------------+---------------------+---------------------------+-------------+--------------+---------+-----------+------+--------------+----------------------------------+-------------+--------------+
; Compilation Hierarchy Node ; Combinational ALUTs ; Dedicated Logic Registers ; Memory Bits ; DSP Elements ; DSP 9x9 ; DSP 18x18 ; Pins ; Virtual Pins ; Full Hierarchy Name              ; Entity Name ; Library Name ;
+----------------------------+---------------------+---------------------------+-------------+--------------+---------+-----------+------+--------------+----------------------------------+-------------+--------------+
; |Master                    ; 310 (0)             ; 124 (0)                   ; 0           ; 0            ; 0       ; 0         ; 61   ; 0            ; |Master                          ; Master      ; work         ;
;    |BCD_counter:U4|        ; 165 (165)           ; 32 (32)                   ; 0           ; 0            ; 0       ; 0         ; 0    ; 0            ; |Master|BCD_counter:U4           ; BCD_counter ; work         ;
;    |CountMod6:U2|          ; 3 (3)               ; 3 (3)                     ; 0           ; 0            ; 0       ; 0         ; 0    ; 0            ; |Master|CountMod6:U2             ; CountMod6   ; work         ;
;    |DIV1Hz:U1|             ; 81 (81)             ; 33 (33)                   ; 0           ; 0            ; 0       ; 0         ; 0    ; 0            ; |Master|DIV1Hz:U1                ; DIV1Hz      ; work         ;
;    |Deco:U3|               ; 2 (2)               ; 0 (0)                     ; 0           ; 0            ; 0       ; 0         ; 0    ; 0            ; |Master|Deco:U3                  ; Deco        ; work         ;
;    |Display:U5|            ; 56 (0)              ; 56 (56)                   ; 0           ; 0            ; 0       ; 0         ; 0    ; 0            ; |Master|Display:U5               ; Display     ; work         ;
;       |segmentos7:U0|      ; 7 (7)               ; 0 (0)                     ; 0           ; 0            ; 0       ; 0         ; 0    ; 0            ; |Master|Display:U5|segmentos7:U0 ; segmentos7  ; work         ;
;       |segmentos7:U1|      ; 7 (7)               ; 0 (0)                     ; 0           ; 0            ; 0       ; 0         ; 0    ; 0            ; |Master|Display:U5|segmentos7:U1 ; segmentos7  ; work         ;
;       |segmentos7:U2|      ; 7 (7)               ; 0 (0)                     ; 0           ; 0            ; 0       ; 0         ; 0    ; 0            ; |Master|Display:U5|segmentos7:U2 ; segmentos7  ; work         ;
;       |segmentos7:U3|      ; 7 (7)               ; 0 (0)                     ; 0           ; 0            ; 0       ; 0         ; 0    ; 0            ; |Master|Display:U5|segmentos7:U3 ; segmentos7  ; work         ;
;       |segmentos7:U4|      ; 7 (7)               ; 0 (0)                     ; 0           ; 0            ; 0       ; 0         ; 0    ; 0            ; |Master|Display:U5|segmentos7:U4 ; segmentos7  ; work         ;
;       |segmentos7:U5|      ; 7 (7)               ; 0 (0)                     ; 0           ; 0            ; 0       ; 0         ; 0    ; 0            ; |Master|Display:U5|segmentos7:U5 ; segmentos7  ; work         ;
;       |segmentos7:U6|      ; 7 (7)               ; 0 (0)                     ; 0           ; 0            ; 0       ; 0         ; 0    ; 0            ; |Master|Display:U5|segmentos7:U6 ; segmentos7  ; work         ;
;       |segmentos7:U7|      ; 7 (7)               ; 0 (0)                     ; 0           ; 0            ; 0       ; 0         ; 0    ; 0            ; |Master|Display:U5|segmentos7:U7 ; segmentos7  ; work         ;
;    |Mux:U0|                ; 3 (3)               ; 0 (0)                     ; 0           ; 0            ; 0       ; 0         ; 0    ; 0            ; |Master|Mux:U0                   ; Mux         ; work         ;
+----------------------------+---------------------+---------------------------+-------------+--------------+---------+-----------+------+--------------+----------------------------------+-------------+--------------+
Note: For table entries with two numbers listed, the numbers in parentheses indicate the number of resources of the given type used by the specific entity alone. The numbers listed outside of parentheses indicate the total resources of the given type used by the specific entity and all of its sub-entities in the hierarchy.


+------------------------------------------------------+
; General Register Statistics                          ;
+----------------------------------------------+-------+
; Statistic                                    ; Value ;
+----------------------------------------------+-------+
; Total registers                              ; 124   ;
; Number of registers using Synchronous Clear  ; 0     ;
; Number of registers using Synchronous Load   ; 0     ;
; Number of registers using Asynchronous Clear ; 32    ;
; Number of registers using Asynchronous Load  ; 0     ;
; Number of registers using Clock Enable       ; 22    ;
; Number of registers using Preset             ; 0     ;
+----------------------------------------------+-------+


+-----------------------------------------------------+
; Post-Synthesis Netlist Statistics for Top Partition ;
+-----------------------+-----------------------------+
; Type                  ; Count                       ;
+-----------------------+-----------------------------+
; boundary_port         ; 61                          ;
; cycloneiii_ff         ; 124                         ;
;     CLR               ; 10                          ;
;     ENA CLR           ; 22                          ;
;     plain             ; 92                          ;
; cycloneiii_lcell_comb ; 310                         ;
;     arith             ; 31                          ;
;         2 data inputs ; 31                          ;
;     normal            ; 279                         ;
;         1 data inputs ; 2                           ;
;         2 data inputs ; 35                          ;
;         3 data inputs ; 45                          ;
;         4 data inputs ; 197                         ;
;                       ;                             ;
; Max LUT depth         ; 10.40                       ;
; Average LUT depth     ; 3.69                        ;
+-----------------------+-----------------------------+


+-------------------------------+
; Elapsed Time Per Partition    ;
+----------------+--------------+
; Partition Name ; Elapsed Time ;
+----------------+--------------+
; Top            ; 00:00:06     ;
+----------------+--------------+


+-------------------------------+
; Analysis & Synthesis Messages ;
+-------------------------------+
Info: *******************************************************************
Info: Running Quartus Prime Analysis & Synthesis
    Info: Version 18.0.0 Build 614 04/24/2018 SJ Lite Edition
    Info: Processing started: Thu Oct 24 08:39:03 2019
Info: Command: quartus_map --read_settings_files=on --write_settings_files=off Master -c Master
Warning (18236): Number of processors has not been specified which may cause overloading on shared machines.  Set the global assignment NUM_PARALLEL_PROCESSORS in your QSF to an appropriate value for best performance.
Info (20030): Parallel compilation is enabled and will use 4 of the 4 processors detected
Warning (12125): Using design file master.vhd, which is not specified as a design file for the current project, but contains definitions for 2 design units and 1 entities in project
    Info (12022): Found design unit 1: Master-Beh File: C:/Users/OsmarBW/Documents/GitHub/Dig_Avanzados/ExamenParcial2P_Equipo5/Examen/master.vhd Line: 14
    Info (12023): Found entity 1: Master File: C:/Users/OsmarBW/Documents/GitHub/Dig_Avanzados/ExamenParcial2P_Equipo5/Examen/master.vhd Line: 6
Info (12127): Elaborating entity "Master" for the top level hierarchy
Warning (12090): Entity "Mux" obtained from "mux.vhd" instead of from Quartus Prime megafunction library File: C:/Users/OsmarBW/Documents/GitHub/Dig_Avanzados/ExamenParcial2P_Equipo5/Examen/mux.vhd Line: 6
Warning (12125): Using design file mux.vhd, which is not specified as a design file for the current project, but contains definitions for 2 design units and 1 entities in project
    Info (12022): Found design unit 1: Mux-Beh File: C:/Users/OsmarBW/Documents/GitHub/Dig_Avanzados/ExamenParcial2P_Equipo5/Examen/mux.vhd Line: 14
    Info (12023): Found entity 1: Mux File: C:/Users/OsmarBW/Documents/GitHub/Dig_Avanzados/ExamenParcial2P_Equipo5/Examen/mux.vhd Line: 6
Info (12128): Elaborating entity "Mux" for hierarchy "Mux:U0" File: C:/Users/OsmarBW/Documents/GitHub/Dig_Avanzados/ExamenParcial2P_Equipo5/Examen/master.vhd Line: 67
Warning (12125): Using design file div1hz.vhd, which is not specified as a design file for the current project, but contains definitions for 2 design units and 1 entities in project
    Info (12022): Found design unit 1: DIV1Hz-beh File: C:/Users/OsmarBW/Documents/GitHub/Dig_Avanzados/ExamenParcial2P_Equipo5/Examen/div1hz.vhd Line: 14
    Info (12023): Found entity 1: DIV1Hz File: C:/Users/OsmarBW/Documents/GitHub/Dig_Avanzados/ExamenParcial2P_Equipo5/Examen/div1hz.vhd Line: 6
Info (12128): Elaborating entity "DIV1Hz" for hierarchy "DIV1Hz:U1" File: C:/Users/OsmarBW/Documents/GitHub/Dig_Avanzados/ExamenParcial2P_Equipo5/Examen/master.vhd Line: 68
Warning (12125): Using design file countmod6.vhd, which is not specified as a design file for the current project, but contains definitions for 2 design units and 1 entities in project
    Info (12022): Found design unit 1: CountMod6-beh File: C:/Users/OsmarBW/Documents/GitHub/Dig_Avanzados/ExamenParcial2P_Equipo5/Examen/countmod6.vhd Line: 13
    Info (12023): Found entity 1: CountMod6 File: C:/Users/OsmarBW/Documents/GitHub/Dig_Avanzados/ExamenParcial2P_Equipo5/Examen/countmod6.vhd Line: 6
Info (12128): Elaborating entity "CountMod6" for hierarchy "CountMod6:U2" File: C:/Users/OsmarBW/Documents/GitHub/Dig_Avanzados/ExamenParcial2P_Equipo5/Examen/master.vhd Line: 69
Warning (12125): Using design file deco.vhd, which is not specified as a design file for the current project, but contains definitions for 2 design units and 1 entities in project
    Info (12022): Found design unit 1: Deco-Beh File: C:/Users/OsmarBW/Documents/GitHub/Dig_Avanzados/ExamenParcial2P_Equipo5/Examen/deco.vhd Line: 13
    Info (12023): Found entity 1: Deco File: C:/Users/OsmarBW/Documents/GitHub/Dig_Avanzados/ExamenParcial2P_Equipo5/Examen/deco.vhd Line: 6
Info (12128): Elaborating entity "Deco" for hierarchy "Deco:U3" File: C:/Users/OsmarBW/Documents/GitHub/Dig_Avanzados/ExamenParcial2P_Equipo5/Examen/master.vhd Line: 70
Warning (12125): Using design file bcd_counter.vhd, which is not specified as a design file for the current project, but contains definitions for 2 design units and 1 entities in project
    Info (12022): Found design unit 1: BCD_counter-beh File: C:/Users/OsmarBW/Documents/GitHub/Dig_Avanzados/ExamenParcial2P_Equipo5/Examen/bcd_counter.vhd Line: 13
    Info (12023): Found entity 1: BCD_counter File: C:/Users/OsmarBW/Documents/GitHub/Dig_Avanzados/ExamenParcial2P_Equipo5/Examen/bcd_counter.vhd Line: 6
Info (12128): Elaborating entity "BCD_counter" for hierarchy "BCD_counter:U4" File: C:/Users/OsmarBW/Documents/GitHub/Dig_Avanzados/ExamenParcial2P_Equipo5/Examen/master.vhd Line: 71
Warning (10492): VHDL Process Statement warning at bcd_counter.vhd(28): signal "enable" is read inside the Process Statement but isn't in the Process Statement's sensitivity list File: C:/Users/OsmarBW/Documents/GitHub/Dig_Avanzados/ExamenParcial2P_Equipo5/Examen/bcd_counter.vhd Line: 28
Warning (10492): VHDL Process Statement warning at bcd_counter.vhd(70): signal "clear" is read inside the Process Statement but isn't in the Process Statement's sensitivity list File: C:/Users/OsmarBW/Documents/GitHub/Dig_Avanzados/ExamenParcial2P_Equipo5/Examen/bcd_counter.vhd Line: 70
Warning (12125): Using design file display.vhd, which is not specified as a design file for the current project, but contains definitions for 2 design units and 1 entities in project
    Info (12022): Found design unit 1: Display-beh File: C:/Users/OsmarBW/Documents/GitHub/Dig_Avanzados/ExamenParcial2P_Equipo5/Examen/display.vhd Line: 14
    Info (12023): Found entity 1: Display File: C:/Users/OsmarBW/Documents/GitHub/Dig_Avanzados/ExamenParcial2P_Equipo5/Examen/display.vhd Line: 6
Info (12128): Elaborating entity "Display" for hierarchy "Display:U5" File: C:/Users/OsmarBW/Documents/GitHub/Dig_Avanzados/ExamenParcial2P_Equipo5/Examen/master.vhd Line: 72
Warning (12125): Using design file segmentos7.vhd, which is not specified as a design file for the current project, but contains definitions for 2 design units and 1 entities in project
    Info (12022): Found design unit 1: segmentos7-Beh File: C:/Users/OsmarBW/Documents/GitHub/Dig_Avanzados/ExamenParcial2P_Equipo5/Examen/segmentos7.vhd Line: 12
    Info (12023): Found entity 1: segmentos7 File: C:/Users/OsmarBW/Documents/GitHub/Dig_Avanzados/ExamenParcial2P_Equipo5/Examen/segmentos7.vhd Line: 6
Info (12128): Elaborating entity "segmentos7" for hierarchy "Display:U5|segmentos7:U0" File: C:/Users/OsmarBW/Documents/GitHub/Dig_Avanzados/ExamenParcial2P_Equipo5/Examen/display.vhd Line: 25
Warning (10812): VHDL warning at segmentos7.vhd(14): sensitivity list already contains a File: C:/Users/OsmarBW/Documents/GitHub/Dig_Avanzados/ExamenParcial2P_Equipo5/Examen/segmentos7.vhd Line: 14
Warning (19016): Clock multiplexers are found and protected
    Warning (19017): Found clock multiplexer Deco:U3|Mux2 File: C:/Users/OsmarBW/Documents/GitHub/Dig_Avanzados/ExamenParcial2P_Equipo5/Examen/deco.vhd Line: 19
Warning (13004): Presettable and clearable registers converted to equivalent circuits with latches. Registers power-up to an undefined state, and DEVCLRn places the registers in an undefined state.
    Warning (13310): Register "BCD_counter:U4|cont0[0]" is converted into an equivalent circuit using register "BCD_counter:U4|cont0[0]~_emulated" and latch "BCD_counter:U4|cont0[0]~1" File: C:/Users/OsmarBW/Documents/GitHub/Dig_Avanzados/ExamenParcial2P_Equipo5/Examen/bcd_counter.vhd Line: 29
    Warning (13310): Register "BCD_counter:U4|cont0[1]" is converted into an equivalent circuit using register "BCD_counter:U4|cont0[1]~_emulated" and latch "BCD_counter:U4|cont0[1]~5" File: C:/Users/OsmarBW/Documents/GitHub/Dig_Avanzados/ExamenParcial2P_Equipo5/Examen/bcd_counter.vhd Line: 29
    Warning (13310): Register "BCD_counter:U4|cont0[2]" is converted into an equivalent circuit using register "BCD_counter:U4|cont0[2]~_emulated" and latch "BCD_counter:U4|cont0[2]~9" File: C:/Users/OsmarBW/Documents/GitHub/Dig_Avanzados/ExamenParcial2P_Equipo5/Examen/bcd_counter.vhd Line: 29
    Warning (13310): Register "BCD_counter:U4|cont0[3]" is converted into an equivalent circuit using register "BCD_counter:U4|cont0[3]~_emulated" and latch "BCD_counter:U4|cont0[3]~13" File: C:/Users/OsmarBW/Documents/GitHub/Dig_Avanzados/ExamenParcial2P_Equipo5/Examen/bcd_counter.vhd Line: 29
    Warning (13310): Register "BCD_counter:U4|cont1[0]" is converted into an equivalent circuit using register "BCD_counter:U4|cont1[0]~_emulated" and latch "BCD_counter:U4|cont1[0]~1" File: C:/Users/OsmarBW/Documents/GitHub/Dig_Avanzados/ExamenParcial2P_Equipo5/Examen/bcd_counter.vhd Line: 29
    Warning (13310): Register "BCD_counter:U4|cont1[1]" is converted into an equivalent circuit using register "BCD_counter:U4|cont1[1]~_emulated" and latch "BCD_counter:U4|cont1[1]~5" File: C:/Users/OsmarBW/Documents/GitHub/Dig_Avanzados/ExamenParcial2P_Equipo5/Examen/bcd_counter.vhd Line: 29
    Warning (13310): Register "BCD_counter:U4|cont1[2]" is converted into an equivalent circuit using register "BCD_counter:U4|cont1[2]~_emulated" and latch "BCD_counter:U4|cont1[2]~9" File: C:/Users/OsmarBW/Documents/GitHub/Dig_Avanzados/ExamenParcial2P_Equipo5/Examen/bcd_counter.vhd Line: 29
    Warning (13310): Register "BCD_counter:U4|cont1[3]" is converted into an equivalent circuit using register "BCD_counter:U4|cont1[3]~_emulated" and latch "BCD_counter:U4|cont1[3]~13" File: C:/Users/OsmarBW/Documents/GitHub/Dig_Avanzados/ExamenParcial2P_Equipo5/Examen/bcd_counter.vhd Line: 29
    Warning (13310): Register "BCD_counter:U4|cont2[0]" is converted into an equivalent circuit using register "BCD_counter:U4|cont2[0]~_emulated" and latch "BCD_counter:U4|cont2[0]~1" File: C:/Users/OsmarBW/Documents/GitHub/Dig_Avanzados/ExamenParcial2P_Equipo5/Examen/bcd_counter.vhd Line: 29
    Warning (13310): Register "BCD_counter:U4|cont2[1]" is converted into an equivalent circuit using register "BCD_counter:U4|cont2[1]~_emulated" and latch "BCD_counter:U4|cont2[1]~5" File: C:/Users/OsmarBW/Documents/GitHub/Dig_Avanzados/ExamenParcial2P_Equipo5/Examen/bcd_counter.vhd Line: 29
    Warning (13310): Register "BCD_counter:U4|cont2[2]" is converted into an equivalent circuit using register "BCD_counter:U4|cont2[2]~_emulated" and latch "BCD_counter:U4|cont2[2]~9" File: C:/Users/OsmarBW/Documents/GitHub/Dig_Avanzados/ExamenParcial2P_Equipo5/Examen/bcd_counter.vhd Line: 29
    Warning (13310): Register "BCD_counter:U4|cont2[3]" is converted into an equivalent circuit using register "BCD_counter:U4|cont2[3]~_emulated" and latch "BCD_counter:U4|cont2[3]~13" File: C:/Users/OsmarBW/Documents/GitHub/Dig_Avanzados/ExamenParcial2P_Equipo5/Examen/bcd_counter.vhd Line: 29
    Warning (13310): Register "BCD_counter:U4|cont3[0]" is converted into an equivalent circuit using register "BCD_counter:U4|cont3[0]~_emulated" and latch "BCD_counter:U4|cont3[0]~1" File: C:/Users/OsmarBW/Documents/GitHub/Dig_Avanzados/ExamenParcial2P_Equipo5/Examen/bcd_counter.vhd Line: 29
    Warning (13310): Register "BCD_counter:U4|cont3[1]" is converted into an equivalent circuit using register "BCD_counter:U4|cont3[1]~_emulated" and latch "BCD_counter:U4|cont3[1]~5" File: C:/Users/OsmarBW/Documents/GitHub/Dig_Avanzados/ExamenParcial2P_Equipo5/Examen/bcd_counter.vhd Line: 29
    Warning (13310): Register "BCD_counter:U4|cont3[2]" is converted into an equivalent circuit using register "BCD_counter:U4|cont3[2]~_emulated" and latch "BCD_counter:U4|cont3[2]~9" File: C:/Users/OsmarBW/Documents/GitHub/Dig_Avanzados/ExamenParcial2P_Equipo5/Examen/bcd_counter.vhd Line: 29
    Warning (13310): Register "BCD_counter:U4|cont3[3]" is converted into an equivalent circuit using register "BCD_counter:U4|cont3[3]~_emulated" and latch "BCD_counter:U4|cont3[3]~13" File: C:/Users/OsmarBW/Documents/GitHub/Dig_Avanzados/ExamenParcial2P_Equipo5/Examen/bcd_counter.vhd Line: 29
    Warning (13310): Register "BCD_counter:U4|cont4[0]" is converted into an equivalent circuit using register "BCD_counter:U4|cont4[0]~_emulated" and latch "BCD_counter:U4|cont4[0]~1" File: C:/Users/OsmarBW/Documents/GitHub/Dig_Avanzados/ExamenParcial2P_Equipo5/Examen/bcd_counter.vhd Line: 29
    Warning (13310): Register "BCD_counter:U4|cont4[1]" is converted into an equivalent circuit using register "BCD_counter:U4|cont4[1]~_emulated" and latch "BCD_counter:U4|cont4[1]~5" File: C:/Users/OsmarBW/Documents/GitHub/Dig_Avanzados/ExamenParcial2P_Equipo5/Examen/bcd_counter.vhd Line: 29
    Warning (13310): Register "BCD_counter:U4|cont4[2]" is converted into an equivalent circuit using register "BCD_counter:U4|cont4[2]~_emulated" and latch "BCD_counter:U4|cont4[2]~9" File: C:/Users/OsmarBW/Documents/GitHub/Dig_Avanzados/ExamenParcial2P_Equipo5/Examen/bcd_counter.vhd Line: 29
    Warning (13310): Register "BCD_counter:U4|cont4[3]" is converted into an equivalent circuit using register "BCD_counter:U4|cont4[3]~_emulated" and latch "BCD_counter:U4|cont4[3]~13" File: C:/Users/OsmarBW/Documents/GitHub/Dig_Avanzados/ExamenParcial2P_Equipo5/Examen/bcd_counter.vhd Line: 29
    Warning (13310): Register "BCD_counter:U4|cont5[0]" is converted into an equivalent circuit using register "BCD_counter:U4|cont5[0]~_emulated" and latch "BCD_counter:U4|cont5[0]~1" File: C:/Users/OsmarBW/Documents/GitHub/Dig_Avanzados/ExamenParcial2P_Equipo5/Examen/bcd_counter.vhd Line: 29
    Warning (13310): Register "BCD_counter:U4|cont5[1]" is converted into an equivalent circuit using register "BCD_counter:U4|cont5[1]~_emulated" and latch "BCD_counter:U4|cont5[1]~5" File: C:/Users/OsmarBW/Documents/GitHub/Dig_Avanzados/ExamenParcial2P_Equipo5/Examen/bcd_counter.vhd Line: 29
    Warning (13310): Register "BCD_counter:U4|cont5[2]" is converted into an equivalent circuit using register "BCD_counter:U4|cont5[2]~_emulated" and latch "BCD_counter:U4|cont5[2]~9" File: C:/Users/OsmarBW/Documents/GitHub/Dig_Avanzados/ExamenParcial2P_Equipo5/Examen/bcd_counter.vhd Line: 29
    Warning (13310): Register "BCD_counter:U4|cont5[3]" is converted into an equivalent circuit using register "BCD_counter:U4|cont5[3]~_emulated" and latch "BCD_counter:U4|cont5[3]~13" File: C:/Users/OsmarBW/Documents/GitHub/Dig_Avanzados/ExamenParcial2P_Equipo5/Examen/bcd_counter.vhd Line: 29
    Warning (13310): Register "BCD_counter:U4|cont6[0]" is converted into an equivalent circuit using register "BCD_counter:U4|cont6[0]~_emulated" and latch "BCD_counter:U4|cont6[0]~1" File: C:/Users/OsmarBW/Documents/GitHub/Dig_Avanzados/ExamenParcial2P_Equipo5/Examen/bcd_counter.vhd Line: 29
    Warning (13310): Register "BCD_counter:U4|cont6[1]" is converted into an equivalent circuit using register "BCD_counter:U4|cont6[1]~_emulated" and latch "BCD_counter:U4|cont6[1]~5" File: C:/Users/OsmarBW/Documents/GitHub/Dig_Avanzados/ExamenParcial2P_Equipo5/Examen/bcd_counter.vhd Line: 29
    Warning (13310): Register "BCD_counter:U4|cont6[2]" is converted into an equivalent circuit using register "BCD_counter:U4|cont6[2]~_emulated" and latch "BCD_counter:U4|cont6[2]~9" File: C:/Users/OsmarBW/Documents/GitHub/Dig_Avanzados/ExamenParcial2P_Equipo5/Examen/bcd_counter.vhd Line: 29
    Warning (13310): Register "BCD_counter:U4|cont6[3]" is converted into an equivalent circuit using register "BCD_counter:U4|cont6[3]~_emulated" and latch "BCD_counter:U4|cont6[3]~13" File: C:/Users/OsmarBW/Documents/GitHub/Dig_Avanzados/ExamenParcial2P_Equipo5/Examen/bcd_counter.vhd Line: 29
    Warning (13310): Register "BCD_counter:U4|cont7[0]" is converted into an equivalent circuit using register "BCD_counter:U4|cont7[0]~_emulated" and latch "BCD_counter:U4|cont7[0]~1" File: C:/Users/OsmarBW/Documents/GitHub/Dig_Avanzados/ExamenParcial2P_Equipo5/Examen/bcd_counter.vhd Line: 29
    Warning (13310): Register "BCD_counter:U4|cont7[1]" is converted into an equivalent circuit using register "BCD_counter:U4|cont7[1]~_emulated" and latch "BCD_counter:U4|cont7[1]~5" File: C:/Users/OsmarBW/Documents/GitHub/Dig_Avanzados/ExamenParcial2P_Equipo5/Examen/bcd_counter.vhd Line: 29
    Warning (13310): Register "BCD_counter:U4|cont7[2]" is converted into an equivalent circuit using register "BCD_counter:U4|cont7[2]~_emulated" and latch "BCD_counter:U4|cont7[2]~9" File: C:/Users/OsmarBW/Documents/GitHub/Dig_Avanzados/ExamenParcial2P_Equipo5/Examen/bcd_counter.vhd Line: 29
    Warning (13310): Register "BCD_counter:U4|cont7[3]" is converted into an equivalent circuit using register "BCD_counter:U4|cont7[3]~_emulated" and latch "BCD_counter:U4|cont7[3]~13" File: C:/Users/OsmarBW/Documents/GitHub/Dig_Avanzados/ExamenParcial2P_Equipo5/Examen/bcd_counter.vhd Line: 29
Info (286030): Timing-Driven Synthesis is running
Info (16010): Generating hard_block partition "hard_block:auto_generated_inst"
    Info (16011): Adding 0 node(s), including 0 DDIO, 0 PLL, 0 transceiver and 0 LCELL
Info (21057): Implemented 380 device resources after synthesis - the final resource count might be different
    Info (21058): Implemented 5 input pins
    Info (21059): Implemented 56 output pins
    Info (21061): Implemented 319 logic cells
Info: Quartus Prime Analysis & Synthesis was successful. 0 errors, 48 warnings
    Info: Peak virtual memory: 4824 megabytes
    Info: Processing ended: Thu Oct 24 08:39:35 2019
    Info: Elapsed time: 00:00:32
    Info: Total CPU time (on all processors): 00:00:29


