Analysis & Synthesis report for Data
Thu Nov 28 17:43:56 2019
Quartus Prime Version 18.0.0 Build 614 04/24/2018 SJ Lite Edition


---------------------
; Table of Contents ;
---------------------
  1. Legal Notice
  2. Analysis & Synthesis Summary
  3. Analysis & Synthesis Settings
  4. Parallel Compilation
  5. Analysis & Synthesis Source Files Read
  6. Analysis & Synthesis Resource Usage Summary
  7. Analysis & Synthesis Resource Utilization by Entity
  8. State Machine - |Data|NLCD:U1|current_state
  9. Registers Removed During Synthesis
 10. General Register Statistics
 11. Inverted Register Statistics
 12. Port Connectivity Checks: "LCD_data:U2"
 13. Port Connectivity Checks: "NLCD:U1"
 14. Post-Synthesis Netlist Statistics for Top Partition
 15. Elapsed Time Per Partition
 16. Analysis & Synthesis Messages



----------------
; Legal Notice ;
----------------
Copyright (C) 2018  Intel Corporation. All rights reserved.
Your use of Intel Corporation's design tools, logic functions 
and other software and tools, and its AMPP partner logic 
functions, and any output files from any of the foregoing 
(including device programming or simulation files), and any 
associated documentation or information are expressly subject 
to the terms and conditions of the Intel Program License 
Subscription Agreement, the Intel Quartus Prime License Agreement,
the Intel FPGA IP License Agreement, or other applicable license
agreement, including, without limitation, that your use is for
the sole purpose of programming logic devices manufactured by
Intel and sold by Intel or its authorized distributors.  Please
refer to the applicable agreement for further details.



+----------------------------------------------------------------------------------+
; Analysis & Synthesis Summary                                                     ;
+------------------------------------+---------------------------------------------+
; Analysis & Synthesis Status        ; Successful - Thu Nov 28 17:43:56 2019       ;
; Quartus Prime Version              ; 18.0.0 Build 614 04/24/2018 SJ Lite Edition ;
; Revision Name                      ; Data                                        ;
; Top-level Entity Name              ; Data                                        ;
; Family                             ; Cyclone IV E                                ;
; Total logic elements               ; 121                                         ;
;     Total combinational functions  ; 106                                         ;
;     Dedicated logic registers      ; 55                                          ;
; Total registers                    ; 55                                          ;
; Total pins                         ; 22                                          ;
; Total virtual pins                 ; 0                                           ;
; Total memory bits                  ; 0                                           ;
; Embedded Multiplier 9-bit elements ; 0                                           ;
; Total PLLs                         ; 0                                           ;
+------------------------------------+---------------------------------------------+


+------------------------------------------------------------------------------------------------------------+
; Analysis & Synthesis Settings                                                                              ;
+------------------------------------------------------------------+--------------------+--------------------+
; Option                                                           ; Setting            ; Default Value      ;
+------------------------------------------------------------------+--------------------+--------------------+
; Device                                                           ; EP4CE115F29C7      ;                    ;
; Top-level entity name                                            ; Data               ; Data               ;
; Family name                                                      ; Cyclone IV E       ; Cyclone V          ;
; Use smart compilation                                            ; Off                ; Off                ;
; Enable parallel Assembler and Timing Analyzer during compilation ; On                 ; On                 ;
; Enable compact report table                                      ; Off                ; Off                ;
; Restructure Multiplexers                                         ; Auto               ; Auto               ;
; Create Debugging Nodes for IP Cores                              ; Off                ; Off                ;
; Preserve fewer node names                                        ; On                 ; On                 ;
; Intel FPGA IP Evaluation Mode                                    ; Enable             ; Enable             ;
; Verilog Version                                                  ; Verilog_2001       ; Verilog_2001       ;
; VHDL Version                                                     ; VHDL_1993          ; VHDL_1993          ;
; State Machine Processing                                         ; Auto               ; Auto               ;
; Safe State Machine                                               ; Off                ; Off                ;
; Extract Verilog State Machines                                   ; On                 ; On                 ;
; Extract VHDL State Machines                                      ; On                 ; On                 ;
; Ignore Verilog initial constructs                                ; Off                ; Off                ;
; Iteration limit for constant Verilog loops                       ; 5000               ; 5000               ;
; Iteration limit for non-constant Verilog loops                   ; 250                ; 250                ;
; Add Pass-Through Logic to Inferred RAMs                          ; On                 ; On                 ;
; Infer RAMs from Raw Logic                                        ; On                 ; On                 ;
; Parallel Synthesis                                               ; On                 ; On                 ;
; DSP Block Balancing                                              ; Auto               ; Auto               ;
; NOT Gate Push-Back                                               ; On                 ; On                 ;
; Power-Up Don't Care                                              ; On                 ; On                 ;
; Remove Redundant Logic Cells                                     ; Off                ; Off                ;
; Remove Duplicate Registers                                       ; On                 ; On                 ;
; Ignore CARRY Buffers                                             ; Off                ; Off                ;
; Ignore CASCADE Buffers                                           ; Off                ; Off                ;
; Ignore GLOBAL Buffers                                            ; Off                ; Off                ;
; Ignore ROW GLOBAL Buffers                                        ; Off                ; Off                ;
; Ignore LCELL Buffers                                             ; Off                ; Off                ;
; Ignore SOFT Buffers                                              ; On                 ; On                 ;
; Limit AHDL Integers to 32 Bits                                   ; Off                ; Off                ;
; Optimization Technique                                           ; Balanced           ; Balanced           ;
; Carry Chain Length                                               ; 70                 ; 70                 ;
; Auto Carry Chains                                                ; On                 ; On                 ;
; Auto Open-Drain Pins                                             ; On                 ; On                 ;
; Perform WYSIWYG Primitive Resynthesis                            ; Off                ; Off                ;
; Auto ROM Replacement                                             ; On                 ; On                 ;
; Auto RAM Replacement                                             ; On                 ; On                 ;
; Auto DSP Block Replacement                                       ; On                 ; On                 ;
; Auto Shift Register Replacement                                  ; Auto               ; Auto               ;
; Allow Shift Register Merging across Hierarchies                  ; Auto               ; Auto               ;
; Auto Clock Enable Replacement                                    ; On                 ; On                 ;
; Strict RAM Replacement                                           ; Off                ; Off                ;
; Allow Synchronous Control Signals                                ; On                 ; On                 ;
; Force Use of Synchronous Clear Signals                           ; Off                ; Off                ;
; Auto RAM Block Balancing                                         ; On                 ; On                 ;
; Auto RAM to Logic Cell Conversion                                ; Off                ; Off                ;
; Auto Resource Sharing                                            ; Off                ; Off                ;
; Allow Any RAM Size For Recognition                               ; Off                ; Off                ;
; Allow Any ROM Size For Recognition                               ; Off                ; Off                ;
; Allow Any Shift Register Size For Recognition                    ; Off                ; Off                ;
; Use LogicLock Constraints during Resource Balancing              ; On                 ; On                 ;
; Ignore translate_off and synthesis_off directives                ; Off                ; Off                ;
; Timing-Driven Synthesis                                          ; On                 ; On                 ;
; Report Parameter Settings                                        ; On                 ; On                 ;
; Report Source Assignments                                        ; On                 ; On                 ;
; Report Connectivity Checks                                       ; On                 ; On                 ;
; Ignore Maximum Fan-Out Assignments                               ; Off                ; Off                ;
; Synchronization Register Chain Length                            ; 2                  ; 2                  ;
; Power Optimization During Synthesis                              ; Normal compilation ; Normal compilation ;
; HDL message level                                                ; Level2             ; Level2             ;
; Suppress Register Optimization Related Messages                  ; Off                ; Off                ;
; Number of Removed Registers Reported in Synthesis Report         ; 5000               ; 5000               ;
; Number of Swept Nodes Reported in Synthesis Report               ; 5000               ; 5000               ;
; Number of Inverted Registers Reported in Synthesis Report        ; 100                ; 100                ;
; Clock MUX Protection                                             ; On                 ; On                 ;
; Auto Gated Clock Conversion                                      ; Off                ; Off                ;
; Block Design Naming                                              ; Auto               ; Auto               ;
; SDC constraint protection                                        ; Off                ; Off                ;
; Synthesis Effort                                                 ; Auto               ; Auto               ;
; Shift Register Replacement - Allow Asynchronous Clear Signal     ; On                 ; On                 ;
; Pre-Mapping Resynthesis Optimization                             ; Off                ; Off                ;
; Analysis & Synthesis Message Level                               ; Medium             ; Medium             ;
; Disable Register Merging Across Hierarchies                      ; Auto               ; Auto               ;
; Resource Aware Inference For Block RAM                           ; On                 ; On                 ;
+------------------------------------------------------------------+--------------------+--------------------+


+------------------------------------------+
; Parallel Compilation                     ;
+----------------------------+-------------+
; Processors                 ; Number      ;
+----------------------------+-------------+
; Number detected on machine ; 8           ;
; Maximum allowed            ; 4           ;
;                            ;             ;
; Average used               ; 1.00        ;
; Maximum used               ; 4           ;
;                            ;             ;
; Usage by Processor         ; % Time Used ;
;     Processor 1            ; 100.0%      ;
;     Processor 2            ;   0.0%      ;
;     Processors 3-4         ;   0.0%      ;
+----------------------------+-------------+


+---------------------------------------------------------------------------------------------------------------------------------------------------------------------+
; Analysis & Synthesis Source Files Read                                                                                                                              ;
+----------------------------------+-----------------+-----------------------+------------------------------------------------------------------------------+---------+
; File Name with User-Entered Path ; Used in Netlist ; File Type             ; File Name with Absolute Path                                                 ; Library ;
+----------------------------------+-----------------+-----------------------+------------------------------------------------------------------------------+---------+
; data.vhd                         ; yes             ; Auto-Found VHDL File  ; C:/Users/OsmarBW/Documents/GitHub/Dig_Avanzados/pendientes/NLCD/data.vhd     ;         ;
; nlcd.vhd                         ; yes             ; Auto-Found VHDL File  ; C:/Users/OsmarBW/Documents/GitHub/Dig_Avanzados/pendientes/NLCD/nlcd.vhd     ;         ;
; div5ms.vhd                       ; yes             ; Auto-Found VHDL File  ; C:/Users/OsmarBW/Documents/GitHub/Dig_Avanzados/pendientes/NLCD/div5ms.vhd   ;         ;
; lcd_data.vhd                     ; yes             ; Auto-Found VHDL File  ; C:/Users/OsmarBW/Documents/GitHub/Dig_Avanzados/pendientes/NLCD/lcd_data.vhd ;         ;
+----------------------------------+-----------------+-----------------------+------------------------------------------------------------------------------+---------+


+---------------------------------------------------------+
; Analysis & Synthesis Resource Usage Summary             ;
+---------------------------------------------+-----------+
; Resource                                    ; Usage     ;
+---------------------------------------------+-----------+
; Estimated Total logic elements              ; 121       ;
;                                             ;           ;
; Total combinational functions               ; 106       ;
; Logic element usage by number of LUT inputs ;           ;
;     -- 4 input functions                    ; 21        ;
;     -- 3 input functions                    ; 2         ;
;     -- <=2 input functions                  ; 83        ;
;                                             ;           ;
; Logic elements by mode                      ;           ;
;     -- normal mode                          ; 45        ;
;     -- arithmetic mode                      ; 61        ;
;                                             ;           ;
; Total registers                             ; 55        ;
;     -- Dedicated logic registers            ; 55        ;
;     -- I/O registers                        ; 0         ;
;                                             ;           ;
; I/O pins                                    ; 22        ;
;                                             ;           ;
; Embedded Multiplier 9-bit elements          ; 0         ;
;                                             ;           ;
; Maximum fan-out node                        ; clk~input ;
; Maximum fan-out                             ; 35        ;
; Total fan-out                               ; 404       ;
; Average fan-out                             ; 1.97      ;
+---------------------------------------------+-----------+


+------------------------------------------------------------------------------------------------------------------------------------------------------------------------------------------------------------------+
; Analysis & Synthesis Resource Utilization by Entity                                                                                                                                                              ;
+----------------------------+---------------------+---------------------------+-------------+--------------+---------+-----------+------+--------------+-----------------------------+-------------+--------------+
; Compilation Hierarchy Node ; Combinational ALUTs ; Dedicated Logic Registers ; Memory Bits ; DSP Elements ; DSP 9x9 ; DSP 18x18 ; Pins ; Virtual Pins ; Full Hierarchy Name         ; Entity Name ; Library Name ;
+----------------------------+---------------------+---------------------------+-------------+--------------+---------+-----------+------+--------------+-----------------------------+-------------+--------------+
; |Data                      ; 106 (7)             ; 55 (0)                    ; 0           ; 0            ; 0       ; 0         ; 22   ; 0            ; |Data                       ; Data        ; work         ;
;    |LCD_data:U2|           ; 52 (2)              ; 44 (10)                   ; 0           ; 0            ; 0       ; 0         ; 0    ; 0            ; |Data|LCD_data:U2           ; LCD_data    ; work         ;
;       |div5MS:U0|          ; 50 (50)             ; 34 (34)                   ; 0           ; 0            ; 0       ; 0         ; 0    ; 0            ; |Data|LCD_data:U2|div5MS:U0 ; div5MS      ; work         ;
;    |NLCD:U1|               ; 47 (5)              ; 11 (10)                   ; 0           ; 0            ; 0       ; 0         ; 0    ; 0            ; |Data|NLCD:U1               ; NLCD        ; work         ;
;       |div5MS:U0|          ; 42 (42)             ; 1 (1)                     ; 0           ; 0            ; 0       ; 0         ; 0    ; 0            ; |Data|NLCD:U1|div5MS:U0     ; div5MS      ; work         ;
+----------------------------+---------------------+---------------------------+-------------+--------------+---------+-----------+------+--------------+-----------------------------+-------------+--------------+
Note: For table entries with two numbers listed, the numbers in parentheses indicate the number of resources of the given type used by the specific entity alone. The numbers listed outside of parentheses indicate the total resources of the given type used by the specific entity and all of its sub-entities in the hierarchy.


Encoding Type:  One-Hot
+-----------------------------------------------------------------------------------------------------------------------------------------------------------------------------------------------+
; State Machine - |Data|NLCD:U1|current_state                                                                                                                                                   ;
+-----------------------+-----------------------+-----------------------+-----------------------+-----------------------+-----------------------+-----------------------+-----------------------+
; Name                  ; current_state.Estado6 ; current_state.Estado5 ; current_state.Estado4 ; current_state.Estado3 ; current_state.Estado2 ; current_state.Estado1 ; current_state.Estado0 ;
+-----------------------+-----------------------+-----------------------+-----------------------+-----------------------+-----------------------+-----------------------+-----------------------+
; current_state.Estado0 ; 0                     ; 0                     ; 0                     ; 0                     ; 0                     ; 0                     ; 0                     ;
; current_state.Estado1 ; 0                     ; 0                     ; 0                     ; 0                     ; 0                     ; 1                     ; 1                     ;
; current_state.Estado2 ; 0                     ; 0                     ; 0                     ; 0                     ; 1                     ; 0                     ; 1                     ;
; current_state.Estado3 ; 0                     ; 0                     ; 0                     ; 1                     ; 0                     ; 0                     ; 1                     ;
; current_state.Estado4 ; 0                     ; 0                     ; 1                     ; 0                     ; 0                     ; 0                     ; 1                     ;
; current_state.Estado5 ; 0                     ; 1                     ; 0                     ; 0                     ; 0                     ; 0                     ; 1                     ;
; current_state.Estado6 ; 1                     ; 0                     ; 0                     ; 0                     ; 0                     ; 0                     ; 1                     ;
+-----------------------+-----------------------+-----------------------+-----------------------+-----------------------+-----------------------+-----------------------+-----------------------+


+-------------------------------------------------------------------------------------+
; Registers Removed During Synthesis                                                  ;
+----------------------------------------+--------------------------------------------+
; Register name                          ; Reason for Removal                         ;
+----------------------------------------+--------------------------------------------+
; NLCD:U1|rS                             ; Stuck at GND due to stuck port data_in     ;
; NLCD:U1|rW                             ; Stuck at GND due to stuck port data_in     ;
; NLCD:U1|dB[6,7]                        ; Stuck at GND due to stuck port data_in     ;
; LCD_data:U2|rW                         ; Stuck at GND due to stuck port data_in     ;
; NLCD:U1|dB[4]                          ; Merged with NLCD:U1|dB[5]                  ;
; NLCD:U1|dB[1]                          ; Merged with NLCD:U1|dB[2]                  ;
; LCD_data:U2|enableS                    ; Merged with LCD_data:U2|current_state      ;
; NLCD:U1|div5MS:U0|clk_div              ; Merged with LCD_data:U2|div5MS:U0|clk_div  ;
; NLCD:U1|div5MS:U0|cont[31]             ; Merged with LCD_data:U2|div5MS:U0|cont[31] ;
; NLCD:U1|div5MS:U0|cont[30]             ; Merged with LCD_data:U2|div5MS:U0|cont[30] ;
; NLCD:U1|div5MS:U0|cont[29]             ; Merged with LCD_data:U2|div5MS:U0|cont[29] ;
; NLCD:U1|div5MS:U0|cont[28]             ; Merged with LCD_data:U2|div5MS:U0|cont[28] ;
; NLCD:U1|div5MS:U0|cont[27]             ; Merged with LCD_data:U2|div5MS:U0|cont[27] ;
; NLCD:U1|div5MS:U0|cont[26]             ; Merged with LCD_data:U2|div5MS:U0|cont[26] ;
; NLCD:U1|div5MS:U0|cont[25]             ; Merged with LCD_data:U2|div5MS:U0|cont[25] ;
; NLCD:U1|div5MS:U0|cont[24]             ; Merged with LCD_data:U2|div5MS:U0|cont[24] ;
; NLCD:U1|div5MS:U0|cont[23]             ; Merged with LCD_data:U2|div5MS:U0|cont[23] ;
; NLCD:U1|div5MS:U0|cont[22]             ; Merged with LCD_data:U2|div5MS:U0|cont[22] ;
; NLCD:U1|div5MS:U0|cont[21]             ; Merged with LCD_data:U2|div5MS:U0|cont[21] ;
; NLCD:U1|div5MS:U0|cont[20]             ; Merged with LCD_data:U2|div5MS:U0|cont[20] ;
; NLCD:U1|div5MS:U0|cont[19]             ; Merged with LCD_data:U2|div5MS:U0|cont[19] ;
; NLCD:U1|div5MS:U0|cont[18]             ; Merged with LCD_data:U2|div5MS:U0|cont[18] ;
; NLCD:U1|div5MS:U0|cont[17]             ; Merged with LCD_data:U2|div5MS:U0|cont[17] ;
; NLCD:U1|div5MS:U0|cont[16]             ; Merged with LCD_data:U2|div5MS:U0|cont[16] ;
; NLCD:U1|div5MS:U0|cont[15]             ; Merged with LCD_data:U2|div5MS:U0|cont[15] ;
; NLCD:U1|div5MS:U0|cont[14]             ; Merged with LCD_data:U2|div5MS:U0|cont[14] ;
; NLCD:U1|div5MS:U0|cont[13]             ; Merged with LCD_data:U2|div5MS:U0|cont[13] ;
; NLCD:U1|div5MS:U0|cont[12]             ; Merged with LCD_data:U2|div5MS:U0|cont[12] ;
; NLCD:U1|div5MS:U0|cont[11]             ; Merged with LCD_data:U2|div5MS:U0|cont[11] ;
; NLCD:U1|div5MS:U0|cont[10]             ; Merged with LCD_data:U2|div5MS:U0|cont[10] ;
; NLCD:U1|div5MS:U0|cont[9]              ; Merged with LCD_data:U2|div5MS:U0|cont[9]  ;
; NLCD:U1|div5MS:U0|cont[8]              ; Merged with LCD_data:U2|div5MS:U0|cont[8]  ;
; NLCD:U1|div5MS:U0|cont[7]              ; Merged with LCD_data:U2|div5MS:U0|cont[7]  ;
; NLCD:U1|div5MS:U0|cont[6]              ; Merged with LCD_data:U2|div5MS:U0|cont[6]  ;
; NLCD:U1|div5MS:U0|cont[5]              ; Merged with LCD_data:U2|div5MS:U0|cont[5]  ;
; NLCD:U1|div5MS:U0|cont[4]              ; Merged with LCD_data:U2|div5MS:U0|cont[4]  ;
; NLCD:U1|div5MS:U0|cont[3]              ; Merged with LCD_data:U2|div5MS:U0|cont[3]  ;
; NLCD:U1|div5MS:U0|cont[2]              ; Merged with LCD_data:U2|div5MS:U0|cont[2]  ;
; NLCD:U1|div5MS:U0|cont[1]              ; Merged with LCD_data:U2|div5MS:U0|cont[1]  ;
; NLCD:U1|div5MS:U0|cont[0]              ; Merged with LCD_data:U2|div5MS:U0|cont[0]  ;
; NLCD:U1|dB[5]                          ; Merged with NLCD:U1|dB[0]                  ;
; NLCD:U1|current_state.Estado6          ; Lost fanout                                ;
; NLCD:U1|current_state.Estado5          ; Merged with NLCD:U1|dB[3]                  ;
; Total Number of Removed Registers = 44 ;                                            ;
+----------------------------------------+--------------------------------------------+


+------------------------------------------------------+
; General Register Statistics                          ;
+----------------------------------------------+-------+
; Statistic                                    ; Value ;
+----------------------------------------------+-------+
; Total registers                              ; 55    ;
; Number of registers using Synchronous Clear  ; 0     ;
; Number of registers using Synchronous Load   ; 0     ;
; Number of registers using Asynchronous Clear ; 0     ;
; Number of registers using Asynchronous Load  ; 0     ;
; Number of registers using Clock Enable       ; 12    ;
; Number of registers using Preset             ; 0     ;
+----------------------------------------------+-------+


+--------------------------------------------------+
; Inverted Register Statistics                     ;
+----------------------------------------+---------+
; Inverted Register                      ; Fan out ;
+----------------------------------------+---------+
; NLCD:U1|dB[3]                          ; 3       ;
; Total number of inverted registers = 1 ;         ;
+----------------------------------------+---------+


+---------------------------------------------------------------------------------------------------------------------+
; Port Connectivity Checks: "LCD_data:U2"                                                                             ;
+-----------+--------+----------+-------------------------------------------------------------------------------------+
; Port      ; Type   ; Severity ; Details                                                                             ;
+-----------+--------+----------+-------------------------------------------------------------------------------------+
; lcdbinlon ; Output ; Info     ; Connected to dangling logic. Logic that only feeds a dangling port will be removed. ;
; bcdon     ; Output ; Info     ; Connected to dangling logic. Logic that only feeds a dangling port will be removed. ;
+-----------+--------+----------+-------------------------------------------------------------------------------------+


+-------------------------------------------------------------------------------------------------------------------+
; Port Connectivity Checks: "NLCD:U1"                                                                               ;
+---------+--------+----------+-------------------------------------------------------------------------------------+
; Port    ; Type   ; Severity ; Details                                                                             ;
+---------+--------+----------+-------------------------------------------------------------------------------------+
; lcdblon ; Output ; Info     ; Connected to dangling logic. Logic that only feeds a dangling port will be removed. ;
; bcdon   ; Output ; Info     ; Connected to dangling logic. Logic that only feeds a dangling port will be removed. ;
+---------+--------+----------+-------------------------------------------------------------------------------------+


+-----------------------------------------------------+
; Post-Synthesis Netlist Statistics for Top Partition ;
+-----------------------+-----------------------------+
; Type                  ; Count                       ;
+-----------------------+-----------------------------+
; boundary_port         ; 22                          ;
; cycloneiii_ff         ; 55                          ;
;     ENA               ; 12                          ;
;     plain             ; 43                          ;
; cycloneiii_lcell_comb ; 107                         ;
;     arith             ; 61                          ;
;         2 data inputs ; 60                          ;
;         3 data inputs ; 1                           ;
;     normal            ; 46                          ;
;         0 data inputs ; 1                           ;
;         1 data inputs ; 5                           ;
;         2 data inputs ; 18                          ;
;         3 data inputs ; 1                           ;
;         4 data inputs ; 21                          ;
;                       ;                             ;
; Max LUT depth         ; 8.50                        ;
; Average LUT depth     ; 5.58                        ;
+-----------------------+-----------------------------+


+-------------------------------+
; Elapsed Time Per Partition    ;
+----------------+--------------+
; Partition Name ; Elapsed Time ;
+----------------+--------------+
; Top            ; 00:00:00     ;
+----------------+--------------+


+-------------------------------+
; Analysis & Synthesis Messages ;
+-------------------------------+
Info: *******************************************************************
Info: Running Quartus Prime Analysis & Synthesis
    Info: Version 18.0.0 Build 614 04/24/2018 SJ Lite Edition
    Info: Processing started: Thu Nov 28 17:43:44 2019
Info: Command: quartus_map --read_settings_files=on --write_settings_files=off Data -c Data
Warning (18236): Number of processors has not been specified which may cause overloading on shared machines.  Set the global assignment NUM_PARALLEL_PROCESSORS in your QSF to an appropriate value for best performance.
Info (20030): Parallel compilation is enabled and will use 4 of the 4 processors detected
Warning (12125): Using design file data.vhd, which is not specified as a design file for the current project, but contains definitions for 2 design units and 1 entities in project
    Info (12022): Found design unit 1: Data-beh File: C:/Users/OsmarBW/Documents/GitHub/Dig_Avanzados/pendientes/NLCD/data.vhd Line: 18
    Info (12023): Found entity 1: Data File: C:/Users/OsmarBW/Documents/GitHub/Dig_Avanzados/pendientes/NLCD/data.vhd Line: 6
Info (12127): Elaborating entity "Data" for the top level hierarchy
Warning (12125): Using design file nlcd.vhd, which is not specified as a design file for the current project, but contains definitions for 2 design units and 1 entities in project
    Info (12022): Found design unit 1: NLCD-Beh File: C:/Users/OsmarBW/Documents/GitHub/Dig_Avanzados/pendientes/NLCD/nlcd.vhd Line: 17
    Info (12023): Found entity 1: NLCD File: C:/Users/OsmarBW/Documents/GitHub/Dig_Avanzados/pendientes/NLCD/nlcd.vhd Line: 6
Info (12128): Elaborating entity "NLCD" for hierarchy "NLCD:U1" File: C:/Users/OsmarBW/Documents/GitHub/Dig_Avanzados/pendientes/NLCD/data.vhd Line: 64
Warning (12125): Using design file div5ms.vhd, which is not specified as a design file for the current project, but contains definitions for 2 design units and 1 entities in project
    Info (12022): Found design unit 1: div5MS-beh File: C:/Users/OsmarBW/Documents/GitHub/Dig_Avanzados/pendientes/NLCD/div5ms.vhd Line: 13
    Info (12023): Found entity 1: div5MS File: C:/Users/OsmarBW/Documents/GitHub/Dig_Avanzados/pendientes/NLCD/div5ms.vhd Line: 6
Info (12128): Elaborating entity "div5MS" for hierarchy "NLCD:U1|div5MS:U0" File: C:/Users/OsmarBW/Documents/GitHub/Dig_Avanzados/pendientes/NLCD/nlcd.vhd Line: 31
Warning (12125): Using design file lcd_data.vhd, which is not specified as a design file for the current project, but contains definitions for 2 design units and 1 entities in project
    Info (12022): Found design unit 1: LCD_data-Beh File: C:/Users/OsmarBW/Documents/GitHub/Dig_Avanzados/pendientes/NLCD/lcd_data.vhd Line: 21
    Info (12023): Found entity 1: LCD_data File: C:/Users/OsmarBW/Documents/GitHub/Dig_Avanzados/pendientes/NLCD/lcd_data.vhd Line: 6
Info (12128): Elaborating entity "LCD_data" for hierarchy "LCD_data:U2" File: C:/Users/OsmarBW/Documents/GitHub/Dig_Avanzados/pendientes/NLCD/data.vhd Line: 65
Warning (10492): VHDL Process Statement warning at lcd_data.vhd(40): signal "T" is read inside the Process Statement but isn't in the Process Statement's sensitivity list File: C:/Users/OsmarBW/Documents/GitHub/Dig_Avanzados/pendientes/NLCD/lcd_data.vhd Line: 40
Warning (13024): Output pins are stuck at VCC or GND
    Warning (13410): Pin "RW" is stuck at GND File: C:/Users/OsmarBW/Documents/GitHub/Dig_Avanzados/pendientes/NLCD/data.vhd Line: 12
Info (286030): Timing-Driven Synthesis is running
Info (17049): 1 registers lost all their fanouts during netlist optimizations.
Info (16010): Generating hard_block partition "hard_block:auto_generated_inst"
    Info (16011): Adding 0 node(s), including 0 DDIO, 0 PLL, 0 transceiver and 0 LCELL
Info (21057): Implemented 169 device resources after synthesis - the final resource count might be different
    Info (21058): Implemented 11 input pins
    Info (21059): Implemented 11 output pins
    Info (21061): Implemented 147 logic cells
Info: Quartus Prime Analysis & Synthesis was successful. 0 errors, 8 warnings
    Info: Peak virtual memory: 4812 megabytes
    Info: Processing ended: Thu Nov 28 17:43:56 2019
    Info: Elapsed time: 00:00:12
    Info: Total CPU time (on all processors): 00:00:25


